{"/home/runner/work/jsonapi-validator/jsonapi-validator/mock-server/server.js": {"path":"/home/runner/work/jsonapi-validator/jsonapi-validator/mock-server/server.js","all":true,"statementMap":{"0":{"start":{"line":1,"column":0},"end":{"line":1,"column":30}},"1":{"start":{"line":2,"column":0},"end":{"line":2,"column":24}},"2":{"start":{"line":3,"column":0},"end":{"line":3,"column":54}},"3":{"start":{"line":4,"column":0},"end":{"line":4,"column":50}},"4":{"start":{"line":5,"column":0},"end":{"line":5,"column":54}},"5":{"start":{"line":6,"column":0},"end":{"line":6,"column":52}},"7":{"start":{"line":8,"column":0},"end":{"line":8,"column":22}},"8":{"start":{"line":9,"column":0},"end":{"line":9,"column":18}},"10":{"start":{"line":11,"column":0},"end":{"line":11,"column":13}},"11":{"start":{"line":12,"column":0},"end":{"line":12,"column":16}},"12":{"start":{"line":13,"column":0},"end":{"line":13,"column":60}},"13":{"start":{"line":14,"column":0},"end":{"line":14,"column":64}},"15":{"start":{"line":16,"column":0},"end":{"line":16,"column":75}},"16":{"start":{"line":17,"column":0},"end":{"line":17,"column":29}},"17":{"start":{"line":18,"column":0},"end":{"line":18,"column":54}},"18":{"start":{"line":19,"column":0},"end":{"line":19,"column":48}},"19":{"start":{"line":20,"column":0},"end":{"line":20,"column":75}},"20":{"start":{"line":21,"column":0},"end":{"line":21,"column":35}},"21":{"start":{"line":22,"column":0},"end":{"line":22,"column":18}},"22":{"start":{"line":23,"column":0},"end":{"line":23,"column":24}},"23":{"start":{"line":24,"column":0},"end":{"line":24,"column":42}},"24":{"start":{"line":25,"column":0},"end":{"line":25,"column":79}},"25":{"start":{"line":26,"column":0},"end":{"line":26,"column":10}},"26":{"start":{"line":27,"column":0},"end":{"line":27,"column":9}},"27":{"start":{"line":28,"column":0},"end":{"line":28,"column":5}},"28":{"start":{"line":29,"column":0},"end":{"line":29,"column":3}},"29":{"start":{"line":30,"column":0},"end":{"line":30,"column":9}},"30":{"start":{"line":31,"column":0},"end":{"line":31,"column":3}},"32":{"start":{"line":33,"column":0},"end":{"line":33,"column":46}},"33":{"start":{"line":34,"column":0},"end":{"line":34,"column":29}},"34":{"start":{"line":35,"column":0},"end":{"line":35,"column":54}},"35":{"start":{"line":36,"column":0},"end":{"line":36,"column":9}},"36":{"start":{"line":37,"column":0},"end":{"line":37,"column":3}},"38":{"start":{"line":39,"column":0},"end":{"line":39,"column":13}},"39":{"start":{"line":40,"column":0},"end":{"line":40,"column":32}},"40":{"start":{"line":41,"column":0},"end":{"line":41,"column":30}},"41":{"start":{"line":42,"column":0},"end":{"line":42,"column":32}},"42":{"start":{"line":43,"column":0},"end":{"line":43,"column":31}},"44":{"start":{"line":45,"column":0},"end":{"line":45,"column":35}},"45":{"start":{"line":46,"column":0},"end":{"line":46,"column":31}},"46":{"start":{"line":47,"column":0},"end":{"line":47,"column":12}},"47":{"start":{"line":48,"column":0},"end":{"line":48,"column":32}},"48":{"start":{"line":49,"column":0},"end":{"line":49,"column":11}},"49":{"start":{"line":50,"column":0},"end":{"line":50,"column":65}},"50":{"start":{"line":51,"column":0},"end":{"line":51,"column":18}},"51":{"start":{"line":52,"column":0},"end":{"line":52,"column":24}},"52":{"start":{"line":53,"column":0},"end":{"line":53,"column":30}},"53":{"start":{"line":54,"column":0},"end":{"line":54,"column":36}},"54":{"start":{"line":55,"column":0},"end":{"line":55,"column":38}},"55":{"start":{"line":56,"column":0},"end":{"line":56,"column":27}},"56":{"start":{"line":57,"column":0},"end":{"line":57,"column":29}},"57":{"start":{"line":58,"column":0},"end":{"line":58,"column":56}},"58":{"start":{"line":59,"column":0},"end":{"line":59,"column":7}},"59":{"start":{"line":60,"column":0},"end":{"line":60,"column":5}},"60":{"start":{"line":61,"column":0},"end":{"line":61,"column":5}},"61":{"start":{"line":62,"column":0},"end":{"line":62,"column":3}},"63":{"start":{"line":64,"column":0},"end":{"line":64,"column":24}},"64":{"start":{"line":65,"column":0},"end":{"line":65,"column":34}},"65":{"start":{"line":66,"column":0},"end":{"line":66,"column":46}},"66":{"start":{"line":67,"column":0},"end":{"line":67,"column":66}},"67":{"start":{"line":68,"column":0},"end":{"line":68,"column":3}},"69":{"start":{"line":70,"column":0},"end":{"line":70,"column":35}},"70":{"start":{"line":71,"column":0},"end":{"line":71,"column":23}},"71":{"start":{"line":72,"column":0},"end":{"line":72,"column":24}},"72":{"start":{"line":73,"column":0},"end":{"line":73,"column":32}},"73":{"start":{"line":74,"column":0},"end":{"line":74,"column":14}},"74":{"start":{"line":75,"column":0},"end":{"line":75,"column":20}},"75":{"start":{"line":76,"column":0},"end":{"line":76,"column":25}},"76":{"start":{"line":77,"column":0},"end":{"line":77,"column":69}},"77":{"start":{"line":78,"column":0},"end":{"line":78,"column":6}},"78":{"start":{"line":79,"column":0},"end":{"line":79,"column":5}},"79":{"start":{"line":80,"column":0},"end":{"line":80,"column":3}},"81":{"start":{"line":82,"column":0},"end":{"line":82,"column":16}},"82":{"start":{"line":83,"column":0},"end":{"line":83,"column":34}},"83":{"start":{"line":84,"column":0},"end":{"line":84,"column":27}},"84":{"start":{"line":85,"column":0},"end":{"line":85,"column":24}},"85":{"start":{"line":86,"column":0},"end":{"line":86,"column":32}},"86":{"start":{"line":87,"column":0},"end":{"line":87,"column":14}},"87":{"start":{"line":88,"column":0},"end":{"line":88,"column":20}},"88":{"start":{"line":89,"column":0},"end":{"line":89,"column":37}},"89":{"start":{"line":90,"column":0},"end":{"line":90,"column":44}},"90":{"start":{"line":91,"column":0},"end":{"line":91,"column":6}},"91":{"start":{"line":92,"column":0},"end":{"line":92,"column":5}},"92":{"start":{"line":93,"column":0},"end":{"line":93,"column":3}},"94":{"start":{"line":95,"column":0},"end":{"line":95,"column":24}},"95":{"start":{"line":96,"column":0},"end":{"line":96,"column":77}},"96":{"start":{"line":97,"column":0},"end":{"line":97,"column":59}},"97":{"start":{"line":98,"column":0},"end":{"line":98,"column":66}},"98":{"start":{"line":99,"column":0},"end":{"line":99,"column":3}}},"s":{"0":0,"1":0,"2":0,"3":0,"4":0,"5":0,"7":0,"8":0,"10":0,"11":0,"12":0,"13":0,"15":0,"16":0,"17":0,"18":0,"19":0,"20":0,"21":0,"22":0,"23":0,"24":0,"25":0,"26":0,"27":0,"28":0,"29":0,"30":0,"32":0,"33":0,"34":0,"35":0,"36":0,"38":0,"39":0,"40":0,"41":0,"42":0,"44":0,"45":0,"46":0,"47":0,"48":0,"49":0,"50":0,"51":0,"52":0,"53":0,"54":0,"55":0,"56":0,"57":0,"58":0,"59":0,"60":0,"61":0,"63":0,"64":0,"65":0,"66":0,"67":0,"69":0,"70":0,"71":0,"72":0,"73":0,"74":0,"75":0,"76":0,"77":0,"78":0,"79":0,"81":0,"82":0,"83":0,"84":0,"85":0,"86":0,"87":0,"88":0,"89":0,"90":0,"91":0,"92":0,"94":0,"95":0,"96":0,"97":0,"98":0},"branchMap":{"0":{"type":"branch","line":1,"loc":{"start":{"line":1,"column":0},"end":{"line":99,"column":-645}},"locations":[{"start":{"line":1,"column":0},"end":{"line":99,"column":-645}}]}},"b":{"0":[0]},"fnMap":{"0":{"name":"(empty-report)","decl":{"start":{"line":1,"column":0},"end":{"line":99,"column":-645}},"loc":{"start":{"line":1,"column":0},"end":{"line":99,"column":-645}},"line":1}},"f":{"0":0}}
,"/home/runner/work/jsonapi-validator/jsonapi-validator/mock-server/data/sampleData.js": {"path":"/home/runner/work/jsonapi-validator/jsonapi-validator/mock-server/data/sampleData.js","all":true,"statementMap":{"0":{"start":{"line":1,"column":0},"end":{"line":1,"column":43}},"2":{"start":{"line":3,"column":0},"end":{"line":3,"column":25}},"3":{"start":{"line":4,"column":0},"end":{"line":4,"column":3}},"4":{"start":{"line":5,"column":0},"end":{"line":5,"column":12}},"5":{"start":{"line":6,"column":0},"end":{"line":6,"column":21}},"6":{"start":{"line":7,"column":0},"end":{"line":7,"column":17}},"7":{"start":{"line":8,"column":0},"end":{"line":8,"column":45}},"8":{"start":{"line":9,"column":0},"end":{"line":9,"column":147}},"9":{"start":{"line":10,"column":0},"end":{"line":10,"column":42}},"10":{"start":{"line":11,"column":0},"end":{"line":11,"column":42}},"11":{"start":{"line":12,"column":0},"end":{"line":12,"column":6}},"12":{"start":{"line":13,"column":0},"end":{"line":13,"column":20}},"13":{"start":{"line":14,"column":0},"end":{"line":14,"column":15}},"14":{"start":{"line":15,"column":0},"end":{"line":15,"column":42}},"15":{"start":{"line":16,"column":0},"end":{"line":16,"column":16}},"16":{"start":{"line":17,"column":0},"end":{"line":17,"column":55}},"17":{"start":{"line":18,"column":0},"end":{"line":18,"column":43}},"18":{"start":{"line":19,"column":0},"end":{"line":19,"column":9}},"19":{"start":{"line":20,"column":0},"end":{"line":20,"column":8}},"20":{"start":{"line":21,"column":0},"end":{"line":21,"column":17}},"21":{"start":{"line":22,"column":0},"end":{"line":22,"column":15}},"22":{"start":{"line":23,"column":0},"end":{"line":23,"column":40}},"23":{"start":{"line":24,"column":0},"end":{"line":24,"column":39}},"24":{"start":{"line":25,"column":0},"end":{"line":25,"column":10}},"25":{"start":{"line":26,"column":0},"end":{"line":26,"column":16}},"26":{"start":{"line":27,"column":0},"end":{"line":27,"column":57}},"27":{"start":{"line":28,"column":0},"end":{"line":28,"column":45}},"28":{"start":{"line":29,"column":0},"end":{"line":29,"column":9}},"29":{"start":{"line":30,"column":0},"end":{"line":30,"column":7}},"30":{"start":{"line":31,"column":0},"end":{"line":31,"column":6}},"31":{"start":{"line":32,"column":0},"end":{"line":32,"column":12}},"32":{"start":{"line":33,"column":0},"end":{"line":33,"column":29}},"33":{"start":{"line":34,"column":0},"end":{"line":34,"column":6}},"34":{"start":{"line":35,"column":0},"end":{"line":35,"column":11}},"35":{"start":{"line":36,"column":0},"end":{"line":36,"column":27}},"36":{"start":{"line":37,"column":0},"end":{"line":37,"column":5}},"37":{"start":{"line":38,"column":0},"end":{"line":38,"column":4}},"38":{"start":{"line":39,"column":0},"end":{"line":39,"column":3}},"39":{"start":{"line":40,"column":0},"end":{"line":40,"column":12}},"40":{"start":{"line":41,"column":0},"end":{"line":41,"column":21}},"41":{"start":{"line":42,"column":0},"end":{"line":42,"column":17}},"42":{"start":{"line":43,"column":0},"end":{"line":43,"column":42}},"43":{"start":{"line":44,"column":0},"end":{"line":44,"column":97}},"44":{"start":{"line":45,"column":0},"end":{"line":45,"column":42}},"45":{"start":{"line":46,"column":0},"end":{"line":46,"column":47}},"46":{"start":{"line":47,"column":0},"end":{"line":47,"column":6}},"47":{"start":{"line":48,"column":0},"end":{"line":48,"column":20}},"48":{"start":{"line":49,"column":0},"end":{"line":49,"column":15}},"49":{"start":{"line":50,"column":0},"end":{"line":50,"column":42}},"50":{"start":{"line":51,"column":0},"end":{"line":51,"column":16}},"51":{"start":{"line":52,"column":0},"end":{"line":52,"column":55}},"52":{"start":{"line":53,"column":0},"end":{"line":53,"column":43}},"53":{"start":{"line":54,"column":0},"end":{"line":54,"column":9}},"54":{"start":{"line":55,"column":0},"end":{"line":55,"column":8}},"55":{"start":{"line":56,"column":0},"end":{"line":56,"column":17}},"56":{"start":{"line":57,"column":0},"end":{"line":57,"column":15}},"57":{"start":{"line":58,"column":0},"end":{"line":58,"column":39}},"58":{"start":{"line":59,"column":0},"end":{"line":59,"column":10}},"59":{"start":{"line":60,"column":0},"end":{"line":60,"column":16}},"60":{"start":{"line":61,"column":0},"end":{"line":61,"column":57}},"61":{"start":{"line":62,"column":0},"end":{"line":62,"column":45}},"62":{"start":{"line":63,"column":0},"end":{"line":63,"column":9}},"63":{"start":{"line":64,"column":0},"end":{"line":64,"column":7}},"64":{"start":{"line":65,"column":0},"end":{"line":65,"column":6}},"65":{"start":{"line":66,"column":0},"end":{"line":66,"column":12}},"66":{"start":{"line":67,"column":0},"end":{"line":67,"column":29}},"67":{"start":{"line":68,"column":0},"end":{"line":68,"column":6}},"68":{"start":{"line":69,"column":0},"end":{"line":69,"column":11}},"69":{"start":{"line":70,"column":0},"end":{"line":70,"column":27}},"70":{"start":{"line":71,"column":0},"end":{"line":71,"column":5}},"71":{"start":{"line":72,"column":0},"end":{"line":72,"column":4}},"72":{"start":{"line":73,"column":0},"end":{"line":73,"column":3}},"73":{"start":{"line":74,"column":0},"end":{"line":74,"column":12}},"74":{"start":{"line":75,"column":0},"end":{"line":75,"column":21}},"75":{"start":{"line":76,"column":0},"end":{"line":76,"column":17}},"76":{"start":{"line":77,"column":0},"end":{"line":77,"column":39}},"77":{"start":{"line":78,"column":0},"end":{"line":78,"column":84}},"78":{"start":{"line":79,"column":0},"end":{"line":79,"column":42}},"79":{"start":{"line":80,"column":0},"end":{"line":80,"column":51}},"80":{"start":{"line":81,"column":0},"end":{"line":81,"column":6}},"81":{"start":{"line":82,"column":0},"end":{"line":82,"column":20}},"82":{"start":{"line":83,"column":0},"end":{"line":83,"column":15}},"83":{"start":{"line":84,"column":0},"end":{"line":84,"column":42}},"84":{"start":{"line":85,"column":0},"end":{"line":85,"column":16}},"85":{"start":{"line":86,"column":0},"end":{"line":86,"column":55}},"86":{"start":{"line":87,"column":0},"end":{"line":87,"column":43}},"87":{"start":{"line":88,"column":0},"end":{"line":88,"column":9}},"88":{"start":{"line":89,"column":0},"end":{"line":89,"column":8}},"89":{"start":{"line":90,"column":0},"end":{"line":90,"column":17}},"90":{"start":{"line":91,"column":0},"end":{"line":91,"column":17}},"91":{"start":{"line":92,"column":0},"end":{"line":92,"column":16}},"92":{"start":{"line":93,"column":0},"end":{"line":93,"column":57}},"93":{"start":{"line":94,"column":0},"end":{"line":94,"column":45}},"94":{"start":{"line":95,"column":0},"end":{"line":95,"column":9}},"95":{"start":{"line":96,"column":0},"end":{"line":96,"column":7}},"96":{"start":{"line":97,"column":0},"end":{"line":97,"column":6}},"97":{"start":{"line":98,"column":0},"end":{"line":98,"column":12}},"98":{"start":{"line":99,"column":0},"end":{"line":99,"column":29}},"99":{"start":{"line":100,"column":0},"end":{"line":100,"column":6}},"100":{"start":{"line":101,"column":0},"end":{"line":101,"column":11}},"101":{"start":{"line":102,"column":0},"end":{"line":102,"column":27}},"102":{"start":{"line":103,"column":0},"end":{"line":103,"column":5}},"103":{"start":{"line":104,"column":0},"end":{"line":104,"column":3}},"104":{"start":{"line":105,"column":0},"end":{"line":105,"column":2}},"106":{"start":{"line":107,"column":0},"end":{"line":107,"column":23}},"107":{"start":{"line":108,"column":0},"end":{"line":108,"column":3}},"108":{"start":{"line":109,"column":0},"end":{"line":109,"column":12}},"109":{"start":{"line":110,"column":0},"end":{"line":110,"column":19}},"110":{"start":{"line":111,"column":0},"end":{"line":111,"column":17}},"111":{"start":{"line":112,"column":0},"end":{"line":112,"column":24}},"112":{"start":{"line":113,"column":0},"end":{"line":113,"column":22}},"113":{"start":{"line":114,"column":0},"end":{"line":114,"column":36}},"114":{"start":{"line":115,"column":0},"end":{"line":115,"column":85}},"115":{"start":{"line":116,"column":0},"end":{"line":116,"column":6}},"116":{"start":{"line":117,"column":0},"end":{"line":117,"column":20}},"117":{"start":{"line":118,"column":0},"end":{"line":118,"column":17}},"118":{"start":{"line":119,"column":0},"end":{"line":119,"column":15}},"119":{"start":{"line":120,"column":0},"end":{"line":120,"column":40}},"120":{"start":{"line":121,"column":0},"end":{"line":121,"column":39}},"121":{"start":{"line":122,"column":0},"end":{"line":122,"column":10}},"122":{"start":{"line":123,"column":0},"end":{"line":123,"column":16}},"123":{"start":{"line":124,"column":0},"end":{"line":124,"column":55}},"124":{"start":{"line":125,"column":0},"end":{"line":125,"column":43}},"125":{"start":{"line":126,"column":0},"end":{"line":126,"column":9}},"126":{"start":{"line":127,"column":0},"end":{"line":127,"column":7}},"127":{"start":{"line":128,"column":0},"end":{"line":128,"column":6}},"128":{"start":{"line":129,"column":0},"end":{"line":129,"column":12}},"129":{"start":{"line":130,"column":0},"end":{"line":130,"column":27}},"130":{"start":{"line":131,"column":0},"end":{"line":131,"column":5}},"131":{"start":{"line":132,"column":0},"end":{"line":132,"column":4}},"132":{"start":{"line":133,"column":0},"end":{"line":133,"column":3}},"133":{"start":{"line":134,"column":0},"end":{"line":134,"column":12}},"134":{"start":{"line":135,"column":0},"end":{"line":135,"column":19}},"135":{"start":{"line":136,"column":0},"end":{"line":136,"column":17}},"136":{"start":{"line":137,"column":0},"end":{"line":137,"column":24}},"137":{"start":{"line":138,"column":0},"end":{"line":138,"column":24}},"138":{"start":{"line":139,"column":0},"end":{"line":139,"column":38}},"139":{"start":{"line":140,"column":0},"end":{"line":140,"column":80}},"140":{"start":{"line":141,"column":0},"end":{"line":141,"column":6}},"141":{"start":{"line":142,"column":0},"end":{"line":142,"column":20}},"142":{"start":{"line":143,"column":0},"end":{"line":143,"column":17}},"143":{"start":{"line":144,"column":0},"end":{"line":144,"column":15}},"144":{"start":{"line":145,"column":0},"end":{"line":145,"column":39}},"145":{"start":{"line":146,"column":0},"end":{"line":146,"column":10}},"146":{"start":{"line":147,"column":0},"end":{"line":147,"column":16}},"147":{"start":{"line":148,"column":0},"end":{"line":148,"column":55}},"148":{"start":{"line":149,"column":0},"end":{"line":149,"column":43}},"149":{"start":{"line":150,"column":0},"end":{"line":150,"column":9}},"150":{"start":{"line":151,"column":0},"end":{"line":151,"column":7}},"151":{"start":{"line":152,"column":0},"end":{"line":152,"column":6}},"152":{"start":{"line":153,"column":0},"end":{"line":153,"column":12}},"153":{"start":{"line":154,"column":0},"end":{"line":154,"column":27}},"154":{"start":{"line":155,"column":0},"end":{"line":155,"column":5}},"155":{"start":{"line":156,"column":0},"end":{"line":156,"column":3}},"156":{"start":{"line":157,"column":0},"end":{"line":157,"column":2}},"158":{"start":{"line":159,"column":0},"end":{"line":159,"column":25}},"159":{"start":{"line":160,"column":0},"end":{"line":160,"column":3}},"160":{"start":{"line":161,"column":0},"end":{"line":161,"column":12}},"161":{"start":{"line":162,"column":0},"end":{"line":162,"column":21}},"162":{"start":{"line":163,"column":0},"end":{"line":163,"column":17}},"163":{"start":{"line":164,"column":0},"end":{"line":164,"column":74}},"164":{"start":{"line":165,"column":0},"end":{"line":165,"column":39}},"165":{"start":{"line":166,"column":0},"end":{"line":166,"column":6}},"166":{"start":{"line":167,"column":0},"end":{"line":167,"column":20}},"167":{"start":{"line":168,"column":0},"end":{"line":168,"column":16}},"168":{"start":{"line":169,"column":0},"end":{"line":169,"column":44}},"169":{"start":{"line":170,"column":0},"end":{"line":170,"column":16}},"170":{"start":{"line":171,"column":0},"end":{"line":171,"column":56}},"171":{"start":{"line":172,"column":0},"end":{"line":172,"column":44}},"172":{"start":{"line":173,"column":0},"end":{"line":173,"column":9}},"173":{"start":{"line":174,"column":0},"end":{"line":174,"column":8}},"174":{"start":{"line":175,"column":0},"end":{"line":175,"column":15}},"175":{"start":{"line":176,"column":0},"end":{"line":176,"column":42}},"176":{"start":{"line":177,"column":0},"end":{"line":177,"column":16}},"177":{"start":{"line":178,"column":0},"end":{"line":178,"column":55}},"178":{"start":{"line":179,"column":0},"end":{"line":179,"column":43}},"179":{"start":{"line":180,"column":0},"end":{"line":180,"column":9}},"180":{"start":{"line":181,"column":0},"end":{"line":181,"column":7}},"181":{"start":{"line":182,"column":0},"end":{"line":182,"column":6}},"182":{"start":{"line":183,"column":0},"end":{"line":183,"column":12}},"183":{"start":{"line":184,"column":0},"end":{"line":184,"column":29}},"184":{"start":{"line":185,"column":0},"end":{"line":185,"column":5}},"185":{"start":{"line":186,"column":0},"end":{"line":186,"column":4}},"186":{"start":{"line":187,"column":0},"end":{"line":187,"column":3}},"187":{"start":{"line":188,"column":0},"end":{"line":188,"column":12}},"188":{"start":{"line":189,"column":0},"end":{"line":189,"column":21}},"189":{"start":{"line":190,"column":0},"end":{"line":190,"column":17}},"190":{"start":{"line":191,"column":0},"end":{"line":191,"column":65}},"191":{"start":{"line":192,"column":0},"end":{"line":192,"column":39}},"192":{"start":{"line":193,"column":0},"end":{"line":193,"column":6}},"193":{"start":{"line":194,"column":0},"end":{"line":194,"column":20}},"194":{"start":{"line":195,"column":0},"end":{"line":195,"column":16}},"195":{"start":{"line":196,"column":0},"end":{"line":196,"column":44}},"196":{"start":{"line":197,"column":0},"end":{"line":197,"column":16}},"197":{"start":{"line":198,"column":0},"end":{"line":198,"column":56}},"198":{"start":{"line":199,"column":0},"end":{"line":199,"column":44}},"199":{"start":{"line":200,"column":0},"end":{"line":200,"column":9}},"200":{"start":{"line":201,"column":0},"end":{"line":201,"column":8}},"201":{"start":{"line":202,"column":0},"end":{"line":202,"column":15}},"202":{"start":{"line":203,"column":0},"end":{"line":203,"column":42}},"203":{"start":{"line":204,"column":0},"end":{"line":204,"column":16}},"204":{"start":{"line":205,"column":0},"end":{"line":205,"column":55}},"205":{"start":{"line":206,"column":0},"end":{"line":206,"column":43}},"206":{"start":{"line":207,"column":0},"end":{"line":207,"column":9}},"207":{"start":{"line":208,"column":0},"end":{"line":208,"column":7}},"208":{"start":{"line":209,"column":0},"end":{"line":209,"column":6}},"209":{"start":{"line":210,"column":0},"end":{"line":210,"column":12}},"210":{"start":{"line":211,"column":0},"end":{"line":211,"column":29}},"211":{"start":{"line":212,"column":0},"end":{"line":212,"column":5}},"212":{"start":{"line":213,"column":0},"end":{"line":213,"column":4}},"213":{"start":{"line":214,"column":0},"end":{"line":214,"column":3}},"214":{"start":{"line":215,"column":0},"end":{"line":215,"column":12}},"215":{"start":{"line":216,"column":0},"end":{"line":216,"column":21}},"216":{"start":{"line":217,"column":0},"end":{"line":217,"column":17}},"217":{"start":{"line":218,"column":0},"end":{"line":218,"column":105}},"218":{"start":{"line":219,"column":0},"end":{"line":219,"column":39}},"219":{"start":{"line":220,"column":0},"end":{"line":220,"column":6}},"220":{"start":{"line":221,"column":0},"end":{"line":221,"column":20}},"221":{"start":{"line":222,"column":0},"end":{"line":222,"column":16}},"222":{"start":{"line":223,"column":0},"end":{"line":223,"column":44}},"223":{"start":{"line":224,"column":0},"end":{"line":224,"column":16}},"224":{"start":{"line":225,"column":0},"end":{"line":225,"column":56}},"225":{"start":{"line":226,"column":0},"end":{"line":226,"column":44}},"226":{"start":{"line":227,"column":0},"end":{"line":227,"column":9}},"227":{"start":{"line":228,"column":0},"end":{"line":228,"column":8}},"228":{"start":{"line":229,"column":0},"end":{"line":229,"column":15}},"229":{"start":{"line":230,"column":0},"end":{"line":230,"column":42}},"230":{"start":{"line":231,"column":0},"end":{"line":231,"column":16}},"231":{"start":{"line":232,"column":0},"end":{"line":232,"column":55}},"232":{"start":{"line":233,"column":0},"end":{"line":233,"column":43}},"233":{"start":{"line":234,"column":0},"end":{"line":234,"column":9}},"234":{"start":{"line":235,"column":0},"end":{"line":235,"column":7}},"235":{"start":{"line":236,"column":0},"end":{"line":236,"column":6}},"236":{"start":{"line":237,"column":0},"end":{"line":237,"column":12}},"237":{"start":{"line":238,"column":0},"end":{"line":238,"column":29}},"238":{"start":{"line":239,"column":0},"end":{"line":239,"column":5}},"239":{"start":{"line":240,"column":0},"end":{"line":240,"column":3}},"240":{"start":{"line":241,"column":0},"end":{"line":241,"column":2}},"242":{"start":{"line":243,"column":0},"end":{"line":243,"column":41}},"243":{"start":{"line":244,"column":0},"end":{"line":244,"column":42}},"244":{"start":{"line":245,"column":0},"end":{"line":245,"column":49}},"245":{"start":{"line":246,"column":0},"end":{"line":246,"column":1}},"247":{"start":{"line":248,"column":0},"end":{"line":248,"column":44}},"248":{"start":{"line":249,"column":0},"end":{"line":249,"column":67}},"249":{"start":{"line":250,"column":0},"end":{"line":250,"column":22}},"250":{"start":{"line":251,"column":0},"end":{"line":251,"column":33}},"252":{"start":{"line":253,"column":0},"end":{"line":253,"column":37}},"253":{"start":{"line":254,"column":0},"end":{"line":254,"column":33}},"254":{"start":{"line":255,"column":0},"end":{"line":255,"column":62}},"255":{"start":{"line":256,"column":0},"end":{"line":256,"column":40}},"256":{"start":{"line":257,"column":0},"end":{"line":257,"column":63}},"257":{"start":{"line":258,"column":0},"end":{"line":258,"column":72}},"258":{"start":{"line":259,"column":0},"end":{"line":259,"column":10}},"259":{"start":{"line":260,"column":0},"end":{"line":260,"column":35}},"260":{"start":{"line":261,"column":0},"end":{"line":261,"column":68}},"261":{"start":{"line":262,"column":0},"end":{"line":262,"column":37}},"262":{"start":{"line":263,"column":0},"end":{"line":263,"column":14}},"263":{"start":{"line":264,"column":0},"end":{"line":264,"column":33}},"264":{"start":{"line":265,"column":0},"end":{"line":265,"column":30}},"265":{"start":{"line":266,"column":0},"end":{"line":266,"column":57}},"266":{"start":{"line":267,"column":0},"end":{"line":267,"column":24}},"267":{"start":{"line":268,"column":0},"end":{"line":268,"column":32}},"268":{"start":{"line":269,"column":0},"end":{"line":269,"column":59}},"269":{"start":{"line":270,"column":0},"end":{"line":270,"column":24}},"270":{"start":{"line":271,"column":0},"end":{"line":271,"column":32}},"271":{"start":{"line":272,"column":0},"end":{"line":272,"column":59}},"272":{"start":{"line":273,"column":0},"end":{"line":273,"column":24}},"273":{"start":{"line":274,"column":0},"end":{"line":274,"column":15}},"274":{"start":{"line":275,"column":0},"end":{"line":275,"column":14}},"275":{"start":{"line":276,"column":0},"end":{"line":276,"column":32}},"276":{"start":{"line":277,"column":0},"end":{"line":277,"column":43}},"277":{"start":{"line":278,"column":0},"end":{"line":278,"column":58}},"278":{"start":{"line":279,"column":0},"end":{"line":279,"column":15}},"279":{"start":{"line":280,"column":0},"end":{"line":280,"column":13}},"280":{"start":{"line":281,"column":0},"end":{"line":281,"column":13}},"281":{"start":{"line":282,"column":0},"end":{"line":282,"column":9}},"282":{"start":{"line":283,"column":0},"end":{"line":283,"column":9}},"283":{"start":{"line":284,"column":0},"end":{"line":284,"column":5}},"284":{"start":{"line":285,"column":0},"end":{"line":285,"column":5}},"286":{"start":{"line":287,"column":0},"end":{"line":287,"column":18}},"287":{"start":{"line":288,"column":0},"end":{"line":288,"column":1}}},"s":{"0":0,"2":0,"3":0,"4":0,"5":0,"6":0,"7":0,"8":0,"9":0,"10":0,"11":0,"12":0,"13":0,"14":0,"15":0,"16":0,"17":0,"18":0,"19":0,"20":0,"21":0,"22":0,"23":0,"24":0,"25":0,"26":0,"27":0,"28":0,"29":0,"30":0,"31":0,"32":0,"33":0,"34":0,"35":0,"36":0,"37":0,"38":0,"39":0,"40":0,"41":0,"42":0,"43":0,"44":0,"45":0,"46":0,"47":0,"48":0,"49":0,"50":0,"51":0,"52":0,"53":0,"54":0,"55":0,"56":0,"57":0,"58":0,"59":0,"60":0,"61":0,"62":0,"63":0,"64":0,"65":0,"66":0,"67":0,"68":0,"69":0,"70":0,"71":0,"72":0,"73":0,"74":0,"75":0,"76":0,"77":0,"78":0,"79":0,"80":0,"81":0,"82":0,"83":0,"84":0,"85":0,"86":0,"87":0,"88":0,"89":0,"90":0,"91":0,"92":0,"93":0,"94":0,"95":0,"96":0,"97":0,"98":0,"99":0,"100":0,"101":0,"102":0,"103":0,"104":0,"106":0,"107":0,"108":0,"109":0,"110":0,"111":0,"112":0,"113":0,"114":0,"115":0,"116":0,"117":0,"118":0,"119":0,"120":0,"121":0,"122":0,"123":0,"124":0,"125":0,"126":0,"127":0,"128":0,"129":0,"130":0,"131":0,"132":0,"133":0,"134":0,"135":0,"136":0,"137":0,"138":0,"139":0,"140":0,"141":0,"142":0,"143":0,"144":0,"145":0,"146":0,"147":0,"148":0,"149":0,"150":0,"151":0,"152":0,"153":0,"154":0,"155":0,"156":0,"158":0,"159":0,"160":0,"161":0,"162":0,"163":0,"164":0,"165":0,"166":0,"167":0,"168":0,"169":0,"170":0,"171":0,"172":0,"173":0,"174":0,"175":0,"176":0,"177":0,"178":0,"179":0,"180":0,"181":0,"182":0,"183":0,"184":0,"185":0,"186":0,"187":0,"188":0,"189":0,"190":0,"191":0,"192":0,"193":0,"194":0,"195":0,"196":0,"197":0,"198":0,"199":0,"200":0,"201":0,"202":0,"203":0,"204":0,"205":0,"206":0,"207":0,"208":0,"209":0,"210":0,"211":0,"212":0,"213":0,"214":0,"215":0,"216":0,"217":0,"218":0,"219":0,"220":0,"221":0,"222":0,"223":0,"224":0,"225":0,"226":0,"227":0,"228":0,"229":0,"230":0,"231":0,"232":0,"233":0,"234":0,"235":0,"236":0,"237":0,"238":0,"239":0,"240":0,"242":0,"243":0,"244":0,"245":0,"247":0,"248":0,"249":0,"250":0,"252":0,"253":0,"254":0,"255":0,"256":0,"257":0,"258":0,"259":0,"260":0,"261":0,"262":0,"263":0,"264":0,"265":0,"266":0,"267":0,"268":0,"269":0,"270":0,"271":0,"272":0,"273":0,"274":0,"275":0,"276":0,"277":0,"278":0,"279":0,"280":0,"281":0,"282":0,"283":0,"284":0,"286":0,"287":0},"branchMap":{"0":{"type":"branch","line":1,"loc":{"start":{"line":1,"column":7222},"end":{"line":288,"column":1}},"locations":[{"start":{"line":1,"column":7222},"end":{"line":288,"column":1}}]}},"b":{"0":[0]},"fnMap":{"0":{"name":"(empty-report)","decl":{"start":{"line":1,"column":7222},"end":{"line":288,"column":1}},"loc":{"start":{"line":1,"column":7222},"end":{"line":288,"column":1}},"line":1}},"f":{"0":0}}
,"/home/runner/work/jsonapi-validator/jsonapi-validator/mock-server/routes/articles.js": {"path":"/home/runner/work/jsonapi-validator/jsonapi-validator/mock-server/routes/articles.js","all":true,"statementMap":{"0":{"start":{"line":1,"column":0},"end":{"line":1,"column":30}},"1":{"start":{"line":2,"column":0},"end":{"line":2,"column":99}},"3":{"start":{"line":4,"column":0},"end":{"line":4,"column":32}},"5":{"start":{"line":6,"column":0},"end":{"line":6,"column":44}},"6":{"start":{"line":7,"column":0},"end":{"line":7,"column":49}},"7":{"start":{"line":8,"column":0},"end":{"line":8,"column":42}},"8":{"start":{"line":9,"column":0},"end":{"line":9,"column":20}},"9":{"start":{"line":10,"column":0},"end":{"line":10,"column":3}},"10":{"start":{"line":11,"column":0},"end":{"line":11,"column":2}},"11":{"start":{"line":12,"column":0},"end":{"line":12,"column":76}},"12":{"start":{"line":13,"column":0},"end":{"line":13,"column":18}},"13":{"start":{"line":14,"column":0},"end":{"line":14,"column":20}},"14":{"start":{"line":15,"column":0},"end":{"line":15,"column":23}},"15":{"start":{"line":16,"column":0},"end":{"line":16,"column":4}},"16":{"start":{"line":17,"column":0},"end":{"line":17,"column":2}},"17":{"start":{"line":18,"column":0},"end":{"line":18,"column":25}},"18":{"start":{"line":19,"column":0},"end":{"line":19,"column":23}},"19":{"start":{"line":20,"column":0},"end":{"line":20,"column":34}},"20":{"start":{"line":21,"column":0},"end":{"line":21,"column":3}},"21":{"start":{"line":22,"column":0},"end":{"line":22,"column":2}},"22":{"start":{"line":23,"column":0},"end":{"line":23,"column":22}},"23":{"start":{"line":24,"column":0},"end":{"line":24,"column":109}},"24":{"start":{"line":25,"column":0},"end":{"line":25,"column":27}},"25":{"start":{"line":26,"column":0},"end":{"line":26,"column":36}},"26":{"start":{"line":27,"column":0},"end":{"line":27,"column":53}},"27":{"start":{"line":28,"column":0},"end":{"line":28,"column":62}},"28":{"start":{"line":29,"column":0},"end":{"line":29,"column":7}},"29":{"start":{"line":30,"column":0},"end":{"line":30,"column":7}},"30":{"start":{"line":31,"column":0},"end":{"line":31,"column":3}},"31":{"start":{"line":32,"column":0},"end":{"line":32,"column":2}},"32":{"start":{"line":33,"column":0},"end":{"line":33,"column":65}},"33":{"start":{"line":34,"column":0},"end":{"line":34,"column":31}},"34":{"start":{"line":35,"column":0},"end":{"line":35,"column":50}},"35":{"start":{"line":36,"column":0},"end":{"line":36,"column":3}},"36":{"start":{"line":37,"column":0},"end":{"line":37,"column":2}},"37":{"start":{"line":38,"column":0},"end":{"line":38,"column":24}},"38":{"start":{"line":39,"column":0},"end":{"line":39,"column":22}},"39":{"start":{"line":40,"column":0},"end":{"line":40,"column":32}},"40":{"start":{"line":41,"column":0},"end":{"line":41,"column":3}},"41":{"start":{"line":42,"column":0},"end":{"line":42,"column":2}},"42":{"start":{"line":43,"column":0},"end":{"line":43,"column":16}},"43":{"start":{"line":44,"column":0},"end":{"line":44,"column":1}},"45":{"start":{"line":46,"column":0},"end":{"line":46,"column":36}},"46":{"start":{"line":47,"column":0},"end":{"line":47,"column":41}},"47":{"start":{"line":48,"column":0},"end":{"line":48,"column":30}},"48":{"start":{"line":49,"column":0},"end":{"line":49,"column":2}},"49":{"start":{"line":50,"column":0},"end":{"line":50,"column":56}},"50":{"start":{"line":51,"column":0},"end":{"line":51,"column":2}},"51":{"start":{"line":52,"column":0},"end":{"line":52,"column":40}},"52":{"start":{"line":53,"column":0},"end":{"line":53,"column":37}},"53":{"start":{"line":54,"column":0},"end":{"line":54,"column":43}},"54":{"start":{"line":55,"column":0},"end":{"line":55,"column":60}},"55":{"start":{"line":56,"column":0},"end":{"line":56,"column":6}},"56":{"start":{"line":57,"column":0},"end":{"line":57,"column":21}},"57":{"start":{"line":58,"column":0},"end":{"line":58,"column":6}},"58":{"start":{"line":59,"column":0},"end":{"line":59,"column":66}},"59":{"start":{"line":60,"column":0},"end":{"line":60,"column":39}},"60":{"start":{"line":61,"column":0},"end":{"line":61,"column":39}},"61":{"start":{"line":62,"column":0},"end":{"line":62,"column":14}},"62":{"start":{"line":63,"column":0},"end":{"line":63,"column":28}},"63":{"start":{"line":64,"column":0},"end":{"line":64,"column":28}},"64":{"start":{"line":65,"column":0},"end":{"line":65,"column":7}},"65":{"start":{"line":66,"column":0},"end":{"line":66,"column":6}},"66":{"start":{"line":67,"column":0},"end":{"line":67,"column":46}},"67":{"start":{"line":68,"column":0},"end":{"line":68,"column":46}},"68":{"start":{"line":69,"column":0},"end":{"line":69,"column":5}},"69":{"start":{"line":70,"column":0},"end":{"line":70,"column":13}},"70":{"start":{"line":71,"column":0},"end":{"line":71,"column":5}},"71":{"start":{"line":72,"column":0},"end":{"line":72,"column":1}},"73":{"start":{"line":74,"column":0},"end":{"line":74,"column":38}},"74":{"start":{"line":75,"column":0},"end":{"line":75,"column":45}},"75":{"start":{"line":76,"column":0},"end":{"line":76,"column":32}},"76":{"start":{"line":77,"column":0},"end":{"line":77,"column":2}},"77":{"start":{"line":78,"column":0},"end":{"line":78,"column":39}},"78":{"start":{"line":79,"column":0},"end":{"line":79,"column":59}},"79":{"start":{"line":80,"column":0},"end":{"line":80,"column":55}},"80":{"start":{"line":81,"column":0},"end":{"line":81,"column":56}},"81":{"start":{"line":82,"column":0},"end":{"line":82,"column":7}},"82":{"start":{"line":83,"column":0},"end":{"line":83,"column":51}},"83":{"start":{"line":84,"column":0},"end":{"line":84,"column":95}},"84":{"start":{"line":85,"column":0},"end":{"line":85,"column":7}},"85":{"start":{"line":86,"column":0},"end":{"line":86,"column":19}},"86":{"start":{"line":87,"column":0},"end":{"line":87,"column":7}},"87":{"start":{"line":88,"column":0},"end":{"line":88,"column":5}},"88":{"start":{"line":89,"column":0},"end":{"line":89,"column":1}},"90":{"start":{"line":91,"column":0},"end":{"line":91,"column":64}},"91":{"start":{"line":92,"column":0},"end":{"line":92,"column":39}},"92":{"start":{"line":93,"column":0},"end":{"line":93,"column":7}},"93":{"start":{"line":94,"column":0},"end":{"line":94,"column":31}},"94":{"start":{"line":95,"column":0},"end":{"line":95,"column":4}},"95":{"start":{"line":96,"column":0},"end":{"line":96,"column":22}},"96":{"start":{"line":97,"column":0},"end":{"line":97,"column":22}},"97":{"start":{"line":98,"column":0},"end":{"line":98,"column":43}},"98":{"start":{"line":99,"column":0},"end":{"line":99,"column":59}},"99":{"start":{"line":100,"column":0},"end":{"line":100,"column":43}},"100":{"start":{"line":101,"column":0},"end":{"line":101,"column":43}},"101":{"start":{"line":102,"column":0},"end":{"line":102,"column":7}},"102":{"start":{"line":103,"column":0},"end":{"line":103,"column":7}},"103":{"start":{"line":104,"column":0},"end":{"line":104,"column":45}},"104":{"start":{"line":105,"column":0},"end":{"line":105,"column":4}},"105":{"start":{"line":106,"column":0},"end":{"line":106,"column":20}},"106":{"start":{"line":107,"column":0},"end":{"line":107,"column":25}},"107":{"start":{"line":108,"column":0},"end":{"line":108,"column":53}},"108":{"start":{"line":109,"column":0},"end":{"line":109,"column":5}},"109":{"start":{"line":110,"column":0},"end":{"line":110,"column":4}},"110":{"start":{"line":111,"column":0},"end":{"line":111,"column":30}},"111":{"start":{"line":112,"column":0},"end":{"line":112,"column":93}},"112":{"start":{"line":113,"column":0},"end":{"line":113,"column":4}},"113":{"start":{"line":114,"column":0},"end":{"line":114,"column":29}},"114":{"start":{"line":115,"column":0},"end":{"line":115,"column":22}},"115":{"start":{"line":116,"column":0},"end":{"line":116,"column":43}},"116":{"start":{"line":117,"column":0},"end":{"line":117,"column":59}},"117":{"start":{"line":118,"column":0},"end":{"line":118,"column":38}},"118":{"start":{"line":119,"column":0},"end":{"line":119,"column":38}},"119":{"start":{"line":120,"column":0},"end":{"line":120,"column":7}},"120":{"start":{"line":121,"column":0},"end":{"line":121,"column":7}},"121":{"start":{"line":122,"column":0},"end":{"line":122,"column":4}},"122":{"start":{"line":123,"column":0},"end":{"line":123,"column":23}},"123":{"start":{"line":124,"column":0},"end":{"line":124,"column":61}},"124":{"start":{"line":125,"column":0},"end":{"line":125,"column":64}},"125":{"start":{"line":126,"column":0},"end":{"line":126,"column":47}},"126":{"start":{"line":127,"column":0},"end":{"line":127,"column":32}},"127":{"start":{"line":128,"column":0},"end":{"line":128,"column":68}},"128":{"start":{"line":129,"column":0},"end":{"line":129,"column":4}},"129":{"start":{"line":130,"column":0},"end":{"line":130,"column":29}},"130":{"start":{"line":131,"column":0},"end":{"line":131,"column":98}},"131":{"start":{"line":132,"column":0},"end":{"line":132,"column":4}},"132":{"start":{"line":133,"column":0},"end":{"line":133,"column":32}},"133":{"start":{"line":134,"column":0},"end":{"line":134,"column":72}},"134":{"start":{"line":135,"column":0},"end":{"line":135,"column":55}},"135":{"start":{"line":136,"column":0},"end":{"line":136,"column":4}},"136":{"start":{"line":137,"column":0},"end":{"line":137,"column":19}},"137":{"start":{"line":138,"column":0},"end":{"line":138,"column":51}},"138":{"start":{"line":139,"column":0},"end":{"line":139,"column":119}},"139":{"start":{"line":140,"column":0},"end":{"line":140,"column":152}},"140":{"start":{"line":141,"column":0},"end":{"line":141,"column":6}},"141":{"start":{"line":142,"column":0},"end":{"line":142,"column":4}},"142":{"start":{"line":143,"column":0},"end":{"line":143,"column":25}},"143":{"start":{"line":144,"column":0},"end":{"line":144,"column":149}},"144":{"start":{"line":145,"column":0},"end":{"line":145,"column":5}},"145":{"start":{"line":146,"column":0},"end":{"line":146,"column":4}},"146":{"start":{"line":147,"column":0},"end":{"line":147,"column":36}},"147":{"start":{"line":148,"column":0},"end":{"line":148,"column":149}},"148":{"start":{"line":149,"column":0},"end":{"line":149,"column":5}},"149":{"start":{"line":150,"column":0},"end":{"line":150,"column":4}},"150":{"start":{"line":151,"column":0},"end":{"line":151,"column":21}},"151":{"start":{"line":152,"column":0},"end":{"line":152,"column":22}},"152":{"start":{"line":153,"column":0},"end":{"line":153,"column":34}},"153":{"start":{"line":154,"column":0},"end":{"line":154,"column":26}},"154":{"start":{"line":155,"column":0},"end":{"line":155,"column":12}},"155":{"start":{"line":156,"column":0},"end":{"line":156,"column":13}},"156":{"start":{"line":157,"column":0},"end":{"line":157,"column":30}},"157":{"start":{"line":158,"column":0},"end":{"line":158,"column":15}},"158":{"start":{"line":159,"column":0},"end":{"line":159,"column":29}},"159":{"start":{"line":160,"column":0},"end":{"line":160,"column":25}},"160":{"start":{"line":161,"column":0},"end":{"line":161,"column":44}},"161":{"start":{"line":162,"column":0},"end":{"line":162,"column":9}},"162":{"start":{"line":163,"column":0},"end":{"line":163,"column":7}},"163":{"start":{"line":164,"column":0},"end":{"line":164,"column":6}},"164":{"start":{"line":165,"column":0},"end":{"line":165,"column":4}},"165":{"start":{"line":166,"column":0},"end":{"line":166,"column":42}},"166":{"start":{"line":167,"column":0},"end":{"line":167,"column":29}},"167":{"start":{"line":168,"column":0},"end":{"line":168,"column":70}},"168":{"start":{"line":169,"column":0},"end":{"line":169,"column":32}},"169":{"start":{"line":170,"column":0},"end":{"line":170,"column":93}},"170":{"start":{"line":171,"column":0},"end":{"line":171,"column":7}},"171":{"start":{"line":172,"column":0},"end":{"line":172,"column":5}},"172":{"start":{"line":173,"column":0},"end":{"line":173,"column":4}},"173":{"start":{"line":174,"column":0},"end":{"line":174,"column":23}},"174":{"start":{"line":175,"column":0},"end":{"line":175,"column":19}},"175":{"start":{"line":176,"column":0},"end":{"line":176,"column":26}},"176":{"start":{"line":177,"column":0},"end":{"line":177,"column":34}},"177":{"start":{"line":178,"column":0},"end":{"line":178,"column":16}},"178":{"start":{"line":179,"column":0},"end":{"line":179,"column":22}},"179":{"start":{"line":180,"column":0},"end":{"line":180,"column":39}},"180":{"start":{"line":181,"column":0},"end":{"line":181,"column":29}},"181":{"start":{"line":182,"column":0},"end":{"line":182,"column":8}},"182":{"start":{"line":183,"column":0},"end":{"line":183,"column":7}},"183":{"start":{"line":184,"column":0},"end":{"line":184,"column":3}},"184":{"start":{"line":185,"column":0},"end":{"line":185,"column":3}},"186":{"start":{"line":187,"column":0},"end":{"line":187,"column":49}},"187":{"start":{"line":188,"column":0},"end":{"line":188,"column":43}},"188":{"start":{"line":189,"column":0},"end":{"line":189,"column":7}},"189":{"start":{"line":190,"column":0},"end":{"line":190,"column":54}},"190":{"start":{"line":191,"column":0},"end":{"line":191,"column":4}},"191":{"start":{"line":192,"column":0},"end":{"line":192,"column":19}},"192":{"start":{"line":193,"column":0},"end":{"line":193,"column":35}},"193":{"start":{"line":194,"column":0},"end":{"line":194,"column":36}},"194":{"start":{"line":195,"column":0},"end":{"line":195,"column":18}},"195":{"start":{"line":196,"column":0},"end":{"line":196,"column":24}},"196":{"start":{"line":197,"column":0},"end":{"line":197,"column":38}},"197":{"start":{"line":198,"column":0},"end":{"line":198,"column":64}},"198":{"start":{"line":199,"column":0},"end":{"line":199,"column":10}},"199":{"start":{"line":200,"column":0},"end":{"line":200,"column":9}},"200":{"start":{"line":201,"column":0},"end":{"line":201,"column":5}},"201":{"start":{"line":202,"column":0},"end":{"line":202,"column":4}},"202":{"start":{"line":203,"column":0},"end":{"line":203,"column":30}},"203":{"start":{"line":204,"column":0},"end":{"line":204,"column":93}},"204":{"start":{"line":205,"column":0},"end":{"line":205,"column":4}},"205":{"start":{"line":206,"column":0},"end":{"line":206,"column":29}},"206":{"start":{"line":207,"column":0},"end":{"line":207,"column":22}},"207":{"start":{"line":208,"column":0},"end":{"line":208,"column":43}},"208":{"start":{"line":209,"column":0},"end":{"line":209,"column":59}},"209":{"start":{"line":210,"column":0},"end":{"line":210,"column":38}},"210":{"start":{"line":211,"column":0},"end":{"line":211,"column":38}},"211":{"start":{"line":212,"column":0},"end":{"line":212,"column":7}},"212":{"start":{"line":213,"column":0},"end":{"line":213,"column":7}},"213":{"start":{"line":214,"column":0},"end":{"line":214,"column":4}},"214":{"start":{"line":215,"column":0},"end":{"line":215,"column":29}},"215":{"start":{"line":216,"column":0},"end":{"line":216,"column":67}},"216":{"start":{"line":217,"column":0},"end":{"line":217,"column":4}},"217":{"start":{"line":218,"column":0},"end":{"line":218,"column":21}},"218":{"start":{"line":219,"column":0},"end":{"line":219,"column":22}},"219":{"start":{"line":220,"column":0},"end":{"line":220,"column":34}},"220":{"start":{"line":221,"column":0},"end":{"line":221,"column":29}},"221":{"start":{"line":222,"column":0},"end":{"line":222,"column":14}},"222":{"start":{"line":223,"column":0},"end":{"line":223,"column":46}},"223":{"start":{"line":224,"column":0},"end":{"line":224,"column":7}},"224":{"start":{"line":225,"column":0},"end":{"line":225,"column":6}},"225":{"start":{"line":226,"column":0},"end":{"line":226,"column":4}},"226":{"start":{"line":227,"column":0},"end":{"line":227,"column":42}},"227":{"start":{"line":228,"column":0},"end":{"line":228,"column":29}},"228":{"start":{"line":229,"column":0},"end":{"line":229,"column":64}},"229":{"start":{"line":230,"column":0},"end":{"line":230,"column":32}},"230":{"start":{"line":231,"column":0},"end":{"line":231,"column":93}},"231":{"start":{"line":232,"column":0},"end":{"line":232,"column":7}},"232":{"start":{"line":233,"column":0},"end":{"line":233,"column":5}},"233":{"start":{"line":234,"column":0},"end":{"line":234,"column":4}},"234":{"start":{"line":235,"column":0},"end":{"line":235,"column":23}},"235":{"start":{"line":236,"column":0},"end":{"line":236,"column":19}},"236":{"start":{"line":237,"column":0},"end":{"line":237,"column":26}},"237":{"start":{"line":238,"column":0},"end":{"line":238,"column":34}},"238":{"start":{"line":239,"column":0},"end":{"line":239,"column":16}},"239":{"start":{"line":240,"column":0},"end":{"line":240,"column":22}},"240":{"start":{"line":241,"column":0},"end":{"line":241,"column":39}},"241":{"start":{"line":242,"column":0},"end":{"line":242,"column":29}},"242":{"start":{"line":243,"column":0},"end":{"line":243,"column":8}},"243":{"start":{"line":244,"column":0},"end":{"line":244,"column":7}},"244":{"start":{"line":245,"column":0},"end":{"line":245,"column":3}},"245":{"start":{"line":246,"column":0},"end":{"line":246,"column":3}},"247":{"start":{"line":248,"column":0},"end":{"line":248,"column":52}},"248":{"start":{"line":249,"column":0},"end":{"line":249,"column":50}},"249":{"start":{"line":250,"column":0},"end":{"line":250,"column":7}},"250":{"start":{"line":251,"column":0},"end":{"line":251,"column":54}},"251":{"start":{"line":252,"column":0},"end":{"line":252,"column":4}},"252":{"start":{"line":253,"column":0},"end":{"line":253,"column":19}},"253":{"start":{"line":254,"column":0},"end":{"line":254,"column":35}},"254":{"start":{"line":255,"column":0},"end":{"line":255,"column":36}},"255":{"start":{"line":256,"column":0},"end":{"line":256,"column":18}},"256":{"start":{"line":257,"column":0},"end":{"line":257,"column":24}},"257":{"start":{"line":258,"column":0},"end":{"line":258,"column":38}},"258":{"start":{"line":259,"column":0},"end":{"line":259,"column":64}},"259":{"start":{"line":260,"column":0},"end":{"line":260,"column":10}},"260":{"start":{"line":261,"column":0},"end":{"line":261,"column":9}},"261":{"start":{"line":262,"column":0},"end":{"line":262,"column":5}},"262":{"start":{"line":263,"column":0},"end":{"line":263,"column":4}},"263":{"start":{"line":264,"column":0},"end":{"line":264,"column":58}},"264":{"start":{"line":265,"column":0},"end":{"line":265,"column":46}},"265":{"start":{"line":266,"column":0},"end":{"line":266,"column":4}},"266":{"start":{"line":267,"column":0},"end":{"line":267,"column":18}},"267":{"start":{"line":268,"column":0},"end":{"line":268,"column":35}},"268":{"start":{"line":269,"column":0},"end":{"line":269,"column":36}},"269":{"start":{"line":270,"column":0},"end":{"line":270,"column":18}},"270":{"start":{"line":271,"column":0},"end":{"line":271,"column":24}},"271":{"start":{"line":272,"column":0},"end":{"line":272,"column":46}},"272":{"start":{"line":273,"column":0},"end":{"line":273,"column":58}},"273":{"start":{"line":274,"column":0},"end":{"line":274,"column":10}},"274":{"start":{"line":275,"column":0},"end":{"line":275,"column":9}},"275":{"start":{"line":276,"column":0},"end":{"line":276,"column":5}},"276":{"start":{"line":277,"column":0},"end":{"line":277,"column":4}},"277":{"start":{"line":278,"column":0},"end":{"line":278,"column":14}},"278":{"start":{"line":279,"column":0},"end":{"line":279,"column":34}},"279":{"start":{"line":280,"column":0},"end":{"line":280,"column":19}},"280":{"start":{"line":281,"column":0},"end":{"line":281,"column":14}},"281":{"start":{"line":282,"column":0},"end":{"line":282,"column":53}},"282":{"start":{"line":283,"column":0},"end":{"line":283,"column":7}},"283":{"start":{"line":284,"column":0},"end":{"line":284,"column":7}},"284":{"start":{"line":285,"column":0},"end":{"line":285,"column":19}},"285":{"start":{"line":286,"column":0},"end":{"line":286,"column":26}},"286":{"start":{"line":287,"column":0},"end":{"line":287,"column":34}},"287":{"start":{"line":288,"column":0},"end":{"line":288,"column":16}},"288":{"start":{"line":289,"column":0},"end":{"line":289,"column":22}},"289":{"start":{"line":290,"column":0},"end":{"line":290,"column":39}},"290":{"start":{"line":291,"column":0},"end":{"line":291,"column":29}},"291":{"start":{"line":292,"column":0},"end":{"line":292,"column":8}},"292":{"start":{"line":293,"column":0},"end":{"line":293,"column":7}},"293":{"start":{"line":294,"column":0},"end":{"line":294,"column":3}},"294":{"start":{"line":295,"column":0},"end":{"line":295,"column":3}},"296":{"start":{"line":297,"column":0},"end":{"line":297,"column":56}},"297":{"start":{"line":298,"column":0},"end":{"line":298,"column":52}},"298":{"start":{"line":299,"column":0},"end":{"line":299,"column":7}},"299":{"start":{"line":300,"column":0},"end":{"line":300,"column":54}},"300":{"start":{"line":301,"column":0},"end":{"line":301,"column":4}},"301":{"start":{"line":302,"column":0},"end":{"line":302,"column":19}},"302":{"start":{"line":303,"column":0},"end":{"line":303,"column":35}},"303":{"start":{"line":304,"column":0},"end":{"line":304,"column":36}},"304":{"start":{"line":305,"column":0},"end":{"line":305,"column":18}},"305":{"start":{"line":306,"column":0},"end":{"line":306,"column":24}},"306":{"start":{"line":307,"column":0},"end":{"line":307,"column":38}},"307":{"start":{"line":308,"column":0},"end":{"line":308,"column":64}},"308":{"start":{"line":309,"column":0},"end":{"line":309,"column":10}},"309":{"start":{"line":310,"column":0},"end":{"line":310,"column":9}},"310":{"start":{"line":311,"column":0},"end":{"line":311,"column":5}},"311":{"start":{"line":312,"column":0},"end":{"line":312,"column":4}},"312":{"start":{"line":313,"column":0},"end":{"line":313,"column":74}},"313":{"start":{"line":314,"column":0},"end":{"line":314,"column":88}},"314":{"start":{"line":315,"column":0},"end":{"line":315,"column":4}},"315":{"start":{"line":316,"column":0},"end":{"line":316,"column":14}},"316":{"start":{"line":317,"column":0},"end":{"line":317,"column":34}},"317":{"start":{"line":318,"column":0},"end":{"line":318,"column":28}},"318":{"start":{"line":319,"column":0},"end":{"line":319,"column":14}},"319":{"start":{"line":320,"column":0},"end":{"line":320,"column":55}},"320":{"start":{"line":321,"column":0},"end":{"line":321,"column":8}},"321":{"start":{"line":322,"column":0},"end":{"line":322,"column":13}},"322":{"start":{"line":323,"column":0},"end":{"line":323,"column":37}},"323":{"start":{"line":324,"column":0},"end":{"line":324,"column":7}},"324":{"start":{"line":325,"column":0},"end":{"line":325,"column":7}},"325":{"start":{"line":326,"column":0},"end":{"line":326,"column":19}},"326":{"start":{"line":327,"column":0},"end":{"line":327,"column":26}},"327":{"start":{"line":328,"column":0},"end":{"line":328,"column":34}},"328":{"start":{"line":329,"column":0},"end":{"line":329,"column":16}},"329":{"start":{"line":330,"column":0},"end":{"line":330,"column":22}},"330":{"start":{"line":331,"column":0},"end":{"line":331,"column":39}},"331":{"start":{"line":332,"column":0},"end":{"line":332,"column":29}},"332":{"start":{"line":333,"column":0},"end":{"line":333,"column":8}},"333":{"start":{"line":334,"column":0},"end":{"line":334,"column":7}},"334":{"start":{"line":335,"column":0},"end":{"line":335,"column":3}},"335":{"start":{"line":336,"column":0},"end":{"line":336,"column":3}},"337":{"start":{"line":338,"column":0},"end":{"line":338,"column":42}},"338":{"start":{"line":339,"column":0},"end":{"line":339,"column":40}},"339":{"start":{"line":340,"column":0},"end":{"line":340,"column":7}},"340":{"start":{"line":341,"column":0},"end":{"line":341,"column":30}},"341":{"start":{"line":342,"column":0},"end":{"line":342,"column":4}},"342":{"start":{"line":343,"column":0},"end":{"line":343,"column":33}},"343":{"start":{"line":344,"column":0},"end":{"line":344,"column":44}},"344":{"start":{"line":345,"column":0},"end":{"line":345,"column":35}},"345":{"start":{"line":346,"column":0},"end":{"line":346,"column":36}},"346":{"start":{"line":347,"column":0},"end":{"line":347,"column":18}},"347":{"start":{"line":348,"column":0},"end":{"line":348,"column":24}},"348":{"start":{"line":349,"column":0},"end":{"line":349,"column":36}},"349":{"start":{"line":350,"column":0},"end":{"line":350,"column":66}},"350":{"start":{"line":351,"column":0},"end":{"line":351,"column":10}},"351":{"start":{"line":352,"column":0},"end":{"line":352,"column":9}},"352":{"start":{"line":353,"column":0},"end":{"line":353,"column":5}},"353":{"start":{"line":354,"column":0},"end":{"line":354,"column":4}},"354":{"start":{"line":355,"column":0},"end":{"line":355,"column":35}},"355":{"start":{"line":356,"column":0},"end":{"line":356,"column":78}},"356":{"start":{"line":357,"column":0},"end":{"line":357,"column":35}},"357":{"start":{"line":358,"column":0},"end":{"line":358,"column":36}},"358":{"start":{"line":359,"column":0},"end":{"line":359,"column":18}},"359":{"start":{"line":360,"column":0},"end":{"line":360,"column":24}},"360":{"start":{"line":361,"column":0},"end":{"line":361,"column":36}},"361":{"start":{"line":362,"column":0},"end":{"line":362,"column":58}},"362":{"start":{"line":363,"column":0},"end":{"line":363,"column":10}},"363":{"start":{"line":364,"column":0},"end":{"line":364,"column":9}},"364":{"start":{"line":365,"column":0},"end":{"line":365,"column":5}},"365":{"start":{"line":366,"column":0},"end":{"line":366,"column":4}},"366":{"start":{"line":367,"column":0},"end":{"line":367,"column":22}},"367":{"start":{"line":368,"column":0},"end":{"line":368,"column":82}},"368":{"start":{"line":369,"column":0},"end":{"line":369,"column":4}},"369":{"start":{"line":370,"column":0},"end":{"line":370,"column":25}},"370":{"start":{"line":371,"column":0},"end":{"line":371,"column":24}},"371":{"start":{"line":372,"column":0},"end":{"line":372,"column":16}},"372":{"start":{"line":373,"column":0},"end":{"line":373,"column":23}},"373":{"start":{"line":374,"column":0},"end":{"line":374,"column":19}},"374":{"start":{"line":375,"column":0},"end":{"line":375,"column":27}},"375":{"start":{"line":376,"column":0},"end":{"line":376,"column":45}},"376":{"start":{"line":377,"column":0},"end":{"line":377,"column":8}},"377":{"start":{"line":378,"column":0},"end":{"line":378,"column":44}},"378":{"start":{"line":379,"column":0},"end":{"line":379,"column":17}},"379":{"start":{"line":380,"column":0},"end":{"line":380,"column":44}},"380":{"start":{"line":381,"column":0},"end":{"line":381,"column":18}},"381":{"start":{"line":382,"column":0},"end":{"line":382,"column":64}},"382":{"start":{"line":383,"column":0},"end":{"line":383,"column":52}},"383":{"start":{"line":384,"column":0},"end":{"line":384,"column":11}},"384":{"start":{"line":385,"column":0},"end":{"line":385,"column":10}},"385":{"start":{"line":386,"column":0},"end":{"line":386,"column":19}},"386":{"start":{"line":387,"column":0},"end":{"line":387,"column":19}},"387":{"start":{"line":388,"column":0},"end":{"line":388,"column":18}},"388":{"start":{"line":389,"column":0},"end":{"line":389,"column":66}},"389":{"start":{"line":390,"column":0},"end":{"line":390,"column":54}},"390":{"start":{"line":391,"column":0},"end":{"line":391,"column":11}},"391":{"start":{"line":392,"column":0},"end":{"line":392,"column":9}},"392":{"start":{"line":393,"column":0},"end":{"line":393,"column":8}},"393":{"start":{"line":394,"column":0},"end":{"line":394,"column":14}},"394":{"start":{"line":395,"column":0},"end":{"line":395,"column":38}},"395":{"start":{"line":396,"column":0},"end":{"line":396,"column":7}},"396":{"start":{"line":397,"column":0},"end":{"line":397,"column":6}},"397":{"start":{"line":398,"column":0},"end":{"line":398,"column":4}},"398":{"start":{"line":399,"column":0},"end":{"line":399,"column":74}},"399":{"start":{"line":400,"column":0},"end":{"line":400,"column":30}},"400":{"start":{"line":401,"column":0},"end":{"line":401,"column":4}},"401":{"start":{"line":402,"column":0},"end":{"line":402,"column":26}},"402":{"start":{"line":403,"column":0},"end":{"line":403,"column":34}},"403":{"start":{"line":404,"column":0},"end":{"line":404,"column":23}},"404":{"start":{"line":405,"column":0},"end":{"line":405,"column":14}},"405":{"start":{"line":406,"column":0},"end":{"line":406,"column":38}},"406":{"start":{"line":407,"column":0},"end":{"line":407,"column":7}},"407":{"start":{"line":408,"column":0},"end":{"line":408,"column":7}},"408":{"start":{"line":409,"column":0},"end":{"line":409,"column":19}},"409":{"start":{"line":410,"column":0},"end":{"line":410,"column":26}},"410":{"start":{"line":411,"column":0},"end":{"line":411,"column":34}},"411":{"start":{"line":412,"column":0},"end":{"line":412,"column":16}},"412":{"start":{"line":413,"column":0},"end":{"line":413,"column":22}},"413":{"start":{"line":414,"column":0},"end":{"line":414,"column":39}},"414":{"start":{"line":415,"column":0},"end":{"line":415,"column":29}},"415":{"start":{"line":416,"column":0},"end":{"line":416,"column":8}},"416":{"start":{"line":417,"column":0},"end":{"line":417,"column":7}},"417":{"start":{"line":418,"column":0},"end":{"line":418,"column":3}},"418":{"start":{"line":419,"column":0},"end":{"line":419,"column":3}},"420":{"start":{"line":421,"column":0},"end":{"line":421,"column":43}},"421":{"start":{"line":422,"column":0},"end":{"line":422,"column":45}},"422":{"start":{"line":423,"column":0},"end":{"line":423,"column":7}},"423":{"start":{"line":424,"column":0},"end":{"line":424,"column":54}},"424":{"start":{"line":425,"column":0},"end":{"line":425,"column":4}},"425":{"start":{"line":426,"column":0},"end":{"line":426,"column":19}},"426":{"start":{"line":427,"column":0},"end":{"line":427,"column":35}},"427":{"start":{"line":428,"column":0},"end":{"line":428,"column":36}},"428":{"start":{"line":429,"column":0},"end":{"line":429,"column":18}},"429":{"start":{"line":430,"column":0},"end":{"line":430,"column":24}},"430":{"start":{"line":431,"column":0},"end":{"line":431,"column":38}},"431":{"start":{"line":432,"column":0},"end":{"line":432,"column":64}},"432":{"start":{"line":433,"column":0},"end":{"line":433,"column":10}},"433":{"start":{"line":434,"column":0},"end":{"line":434,"column":9}},"434":{"start":{"line":435,"column":0},"end":{"line":435,"column":5}},"435":{"start":{"line":436,"column":0},"end":{"line":436,"column":4}},"436":{"start":{"line":437,"column":0},"end":{"line":437,"column":30}},"437":{"start":{"line":438,"column":0},"end":{"line":438,"column":4}},"438":{"start":{"line":439,"column":0},"end":{"line":439,"column":33}},"439":{"start":{"line":440,"column":0},"end":{"line":440,"column":73}},"440":{"start":{"line":441,"column":0},"end":{"line":441,"column":35}},"441":{"start":{"line":442,"column":0},"end":{"line":442,"column":36}},"442":{"start":{"line":443,"column":0},"end":{"line":443,"column":18}},"443":{"start":{"line":444,"column":0},"end":{"line":444,"column":24}},"444":{"start":{"line":445,"column":0},"end":{"line":445,"column":36}},"445":{"start":{"line":446,"column":0},"end":{"line":446,"column":75}},"446":{"start":{"line":447,"column":0},"end":{"line":447,"column":10}},"447":{"start":{"line":448,"column":0},"end":{"line":448,"column":9}},"448":{"start":{"line":449,"column":0},"end":{"line":449,"column":5}},"449":{"start":{"line":450,"column":0},"end":{"line":450,"column":4}},"450":{"start":{"line":451,"column":0},"end":{"line":451,"column":24}},"451":{"start":{"line":452,"column":0},"end":{"line":452,"column":26}},"452":{"start":{"line":453,"column":0},"end":{"line":453,"column":57}},"453":{"start":{"line":454,"column":0},"end":{"line":454,"column":5}},"454":{"start":{"line":455,"column":0},"end":{"line":455,"column":4}},"455":{"start":{"line":456,"column":0},"end":{"line":456,"column":39}},"456":{"start":{"line":457,"column":0},"end":{"line":457,"column":29}},"457":{"start":{"line":458,"column":0},"end":{"line":458,"column":63}},"458":{"start":{"line":459,"column":0},"end":{"line":459,"column":5}},"459":{"start":{"line":460,"column":0},"end":{"line":460,"column":4}},"460":{"start":{"line":461,"column":0},"end":{"line":461,"column":14}},"461":{"start":{"line":462,"column":0},"end":{"line":462,"column":34}},"462":{"start":{"line":463,"column":0},"end":{"line":463,"column":20}},"463":{"start":{"line":464,"column":0},"end":{"line":464,"column":14}},"464":{"start":{"line":465,"column":0},"end":{"line":465,"column":46}},"465":{"start":{"line":466,"column":0},"end":{"line":466,"column":7}},"466":{"start":{"line":467,"column":0},"end":{"line":467,"column":7}},"467":{"start":{"line":468,"column":0},"end":{"line":468,"column":19}},"468":{"start":{"line":469,"column":0},"end":{"line":469,"column":26}},"469":{"start":{"line":470,"column":0},"end":{"line":470,"column":34}},"470":{"start":{"line":471,"column":0},"end":{"line":471,"column":16}},"471":{"start":{"line":472,"column":0},"end":{"line":472,"column":22}},"472":{"start":{"line":473,"column":0},"end":{"line":473,"column":39}},"473":{"start":{"line":474,"column":0},"end":{"line":474,"column":29}},"474":{"start":{"line":475,"column":0},"end":{"line":475,"column":8}},"475":{"start":{"line":476,"column":0},"end":{"line":476,"column":7}},"476":{"start":{"line":477,"column":0},"end":{"line":477,"column":3}},"477":{"start":{"line":478,"column":0},"end":{"line":478,"column":3}},"479":{"start":{"line":480,"column":0},"end":{"line":480,"column":44}},"480":{"start":{"line":481,"column":0},"end":{"line":481,"column":46}},"481":{"start":{"line":482,"column":0},"end":{"line":482,"column":7}},"482":{"start":{"line":483,"column":0},"end":{"line":483,"column":73}},"483":{"start":{"line":484,"column":0},"end":{"line":484,"column":4}},"484":{"start":{"line":485,"column":0},"end":{"line":485,"column":30}},"485":{"start":{"line":486,"column":0},"end":{"line":486,"column":35}},"486":{"start":{"line":487,"column":0},"end":{"line":487,"column":36}},"487":{"start":{"line":488,"column":0},"end":{"line":488,"column":18}},"488":{"start":{"line":489,"column":0},"end":{"line":489,"column":24}},"489":{"start":{"line":490,"column":0},"end":{"line":490,"column":38}},"490":{"start":{"line":491,"column":0},"end":{"line":491,"column":64}},"491":{"start":{"line":492,"column":0},"end":{"line":492,"column":10}},"492":{"start":{"line":493,"column":0},"end":{"line":493,"column":9}},"493":{"start":{"line":494,"column":0},"end":{"line":494,"column":5}},"494":{"start":{"line":495,"column":0},"end":{"line":495,"column":4}},"495":{"start":{"line":496,"column":0},"end":{"line":496,"column":79}},"496":{"start":{"line":497,"column":0},"end":{"line":497,"column":37}},"497":{"start":{"line":498,"column":0},"end":{"line":498,"column":4}},"498":{"start":{"line":499,"column":0},"end":{"line":499,"column":27}},"499":{"start":{"line":500,"column":0},"end":{"line":500,"column":19}},"500":{"start":{"line":501,"column":0},"end":{"line":501,"column":26}},"501":{"start":{"line":502,"column":0},"end":{"line":502,"column":34}},"502":{"start":{"line":503,"column":0},"end":{"line":503,"column":16}},"503":{"start":{"line":504,"column":0},"end":{"line":504,"column":22}},"504":{"start":{"line":505,"column":0},"end":{"line":505,"column":39}},"505":{"start":{"line":506,"column":0},"end":{"line":506,"column":29}},"506":{"start":{"line":507,"column":0},"end":{"line":507,"column":8}},"507":{"start":{"line":508,"column":0},"end":{"line":508,"column":7}},"508":{"start":{"line":509,"column":0},"end":{"line":509,"column":3}},"509":{"start":{"line":510,"column":0},"end":{"line":510,"column":3}}},"s":{"0":0,"1":0,"3":0,"5":0,"6":0,"7":0,"8":0,"9":0,"10":0,"11":0,"12":0,"13":0,"14":0,"15":0,"16":0,"17":0,"18":0,"19":0,"20":0,"21":0,"22":0,"23":0,"24":0,"25":0,"26":0,"27":0,"28":0,"29":0,"30":0,"31":0,"32":0,"33":0,"34":0,"35":0,"36":0,"37":0,"38":0,"39":0,"40":0,"41":0,"42":0,"43":0,"45":0,"46":0,"47":0,"48":0,"49":0,"50":0,"51":0,"52":0,"53":0,"54":0,"55":0,"56":0,"57":0,"58":0,"59":0,"60":0,"61":0,"62":0,"63":0,"64":0,"65":0,"66":0,"67":0,"68":0,"69":0,"70":0,"71":0,"73":0,"74":0,"75":0,"76":0,"77":0,"78":0,"79":0,"80":0,"81":0,"82":0,"83":0,"84":0,"85":0,"86":0,"87":0,"88":0,"90":0,"91":0,"92":0,"93":0,"94":0,"95":0,"96":0,"97":0,"98":0,"99":0,"100":0,"101":0,"102":0,"103":0,"104":0,"105":0,"106":0,"107":0,"108":0,"109":0,"110":0,"111":0,"112":0,"113":0,"114":0,"115":0,"116":0,"117":0,"118":0,"119":0,"120":0,"121":0,"122":0,"123":0,"124":0,"125":0,"126":0,"127":0,"128":0,"129":0,"130":0,"131":0,"132":0,"133":0,"134":0,"135":0,"136":0,"137":0,"138":0,"139":0,"140":0,"141":0,"142":0,"143":0,"144":0,"145":0,"146":0,"147":0,"148":0,"149":0,"150":0,"151":0,"152":0,"153":0,"154":0,"155":0,"156":0,"157":0,"158":0,"159":0,"160":0,"161":0,"162":0,"163":0,"164":0,"165":0,"166":0,"167":0,"168":0,"169":0,"170":0,"171":0,"172":0,"173":0,"174":0,"175":0,"176":0,"177":0,"178":0,"179":0,"180":0,"181":0,"182":0,"183":0,"184":0,"186":0,"187":0,"188":0,"189":0,"190":0,"191":0,"192":0,"193":0,"194":0,"195":0,"196":0,"197":0,"198":0,"199":0,"200":0,"201":0,"202":0,"203":0,"204":0,"205":0,"206":0,"207":0,"208":0,"209":0,"210":0,"211":0,"212":0,"213":0,"214":0,"215":0,"216":0,"217":0,"218":0,"219":0,"220":0,"221":0,"222":0,"223":0,"224":0,"225":0,"226":0,"227":0,"228":0,"229":0,"230":0,"231":0,"232":0,"233":0,"234":0,"235":0,"236":0,"237":0,"238":0,"239":0,"240":0,"241":0,"242":0,"243":0,"244":0,"245":0,"247":0,"248":0,"249":0,"250":0,"251":0,"252":0,"253":0,"254":0,"255":0,"256":0,"257":0,"258":0,"259":0,"260":0,"261":0,"262":0,"263":0,"264":0,"265":0,"266":0,"267":0,"268":0,"269":0,"270":0,"271":0,"272":0,"273":0,"274":0,"275":0,"276":0,"277":0,"278":0,"279":0,"280":0,"281":0,"282":0,"283":0,"284":0,"285":0,"286":0,"287":0,"288":0,"289":0,"290":0,"291":0,"292":0,"293":0,"294":0,"296":0,"297":0,"298":0,"299":0,"300":0,"301":0,"302":0,"303":0,"304":0,"305":0,"306":0,"307":0,"308":0,"309":0,"310":0,"311":0,"312":0,"313":0,"314":0,"315":0,"316":0,"317":0,"318":0,"319":0,"320":0,"321":0,"322":0,"323":0,"324":0,"325":0,"326":0,"327":0,"328":0,"329":0,"330":0,"331":0,"332":0,"333":0,"334":0,"335":0,"337":0,"338":0,"339":0,"340":0,"341":0,"342":0,"343":0,"344":0,"345":0,"346":0,"347":0,"348":0,"349":0,"350":0,"351":0,"352":0,"353":0,"354":0,"355":0,"356":0,"357":0,"358":0,"359":0,"360":0,"361":0,"362":0,"363":0,"364":0,"365":0,"366":0,"367":0,"368":0,"369":0,"370":0,"371":0,"372":0,"373":0,"374":0,"375":0,"376":0,"377":0,"378":0,"379":0,"380":0,"381":0,"382":0,"383":0,"384":0,"385":0,"386":0,"387":0,"388":0,"389":0,"390":0,"391":0,"392":0,"393":0,"394":0,"395":0,"396":0,"397":0,"398":0,"399":0,"400":0,"401":0,"402":0,"403":0,"404":0,"405":0,"406":0,"407":0,"408":0,"409":0,"410":0,"411":0,"412":0,"413":0,"414":0,"415":0,"416":0,"417":0,"418":0,"420":0,"421":0,"422":0,"423":0,"424":0,"425":0,"426":0,"427":0,"428":0,"429":0,"430":0,"431":0,"432":0,"433":0,"434":0,"435":0,"436":0,"437":0,"438":0,"439":0,"440":0,"441":0,"442":0,"443":0,"444":0,"445":0,"446":0,"447":0,"448":0,"449":0,"450":0,"451":0,"452":0,"453":0,"454":0,"455":0,"456":0,"457":0,"458":0,"459":0,"460":0,"461":0,"462":0,"463":0,"464":0,"465":0,"466":0,"467":0,"468":0,"469":0,"470":0,"471":0,"472":0,"473":0,"474":0,"475":0,"476":0,"477":0,"479":0,"480":0,"481":0,"482":0,"483":0,"484":0,"485":0,"486":0,"487":0,"488":0,"489":0,"490":0,"491":0,"492":0,"493":0,"494":0,"495":0,"496":0,"497":0,"498":0,"499":0,"500":0,"501":0,"502":0,"503":0,"504":0,"505":0,"506":0,"507":0,"508":0,"509":0},"branchMap":{"0":{"type":"branch","line":1,"loc":{"start":{"line":1,"column":14020},"end":{"line":512,"column":36}},"locations":[{"start":{"line":1,"column":14020},"end":{"line":512,"column":36}}]}},"b":{"0":[0]},"fnMap":{"0":{"name":"(empty-report)","decl":{"start":{"line":1,"column":14020},"end":{"line":512,"column":36}},"loc":{"start":{"line":1,"column":14020},"end":{"line":512,"column":36}},"line":1}},"f":{"0":0}}
,"/home/runner/work/jsonapi-validator/jsonapi-validator/mock-server/routes/comments.js": {"path":"/home/runner/work/jsonapi-validator/jsonapi-validator/mock-server/routes/comments.js","all":true,"statementMap":{"0":{"start":{"line":1,"column":0},"end":{"line":1,"column":30}},"1":{"start":{"line":2,"column":0},"end":{"line":2,"column":59}},"3":{"start":{"line":4,"column":0},"end":{"line":4,"column":32}},"5":{"start":{"line":6,"column":0},"end":{"line":6,"column":49}},"6":{"start":{"line":7,"column":0},"end":{"line":7,"column":43}},"7":{"start":{"line":8,"column":0},"end":{"line":8,"column":7}},"8":{"start":{"line":9,"column":0},"end":{"line":9,"column":54}},"9":{"start":{"line":10,"column":0},"end":{"line":10,"column":4}},"10":{"start":{"line":11,"column":0},"end":{"line":11,"column":19}},"11":{"start":{"line":12,"column":0},"end":{"line":12,"column":35}},"12":{"start":{"line":13,"column":0},"end":{"line":13,"column":36}},"13":{"start":{"line":14,"column":0},"end":{"line":14,"column":18}},"14":{"start":{"line":15,"column":0},"end":{"line":15,"column":24}},"15":{"start":{"line":16,"column":0},"end":{"line":16,"column":38}},"16":{"start":{"line":17,"column":0},"end":{"line":17,"column":64}},"17":{"start":{"line":18,"column":0},"end":{"line":18,"column":10}},"18":{"start":{"line":19,"column":0},"end":{"line":19,"column":9}},"19":{"start":{"line":20,"column":0},"end":{"line":20,"column":5}},"20":{"start":{"line":21,"column":0},"end":{"line":21,"column":4}},"21":{"start":{"line":22,"column":0},"end":{"line":22,"column":14}},"22":{"start":{"line":23,"column":0},"end":{"line":23,"column":34}},"23":{"start":{"line":24,"column":0},"end":{"line":24,"column":20}},"24":{"start":{"line":25,"column":0},"end":{"line":25,"column":14}},"25":{"start":{"line":26,"column":0},"end":{"line":26,"column":46}},"26":{"start":{"line":27,"column":0},"end":{"line":27,"column":7}},"27":{"start":{"line":28,"column":0},"end":{"line":28,"column":7}},"28":{"start":{"line":29,"column":0},"end":{"line":29,"column":19}},"29":{"start":{"line":30,"column":0},"end":{"line":30,"column":26}},"30":{"start":{"line":31,"column":0},"end":{"line":31,"column":34}},"31":{"start":{"line":32,"column":0},"end":{"line":32,"column":16}},"32":{"start":{"line":33,"column":0},"end":{"line":33,"column":22}},"33":{"start":{"line":34,"column":0},"end":{"line":34,"column":39}},"34":{"start":{"line":35,"column":0},"end":{"line":35,"column":29}},"35":{"start":{"line":36,"column":0},"end":{"line":36,"column":8}},"36":{"start":{"line":37,"column":0},"end":{"line":37,"column":7}},"37":{"start":{"line":38,"column":0},"end":{"line":38,"column":3}},"38":{"start":{"line":39,"column":0},"end":{"line":39,"column":3}},"40":{"start":{"line":41,"column":0},"end":{"line":41,"column":56}},"41":{"start":{"line":42,"column":0},"end":{"line":42,"column":39}},"42":{"start":{"line":43,"column":0},"end":{"line":43,"column":7}},"43":{"start":{"line":44,"column":0},"end":{"line":44,"column":14}},"44":{"start":{"line":45,"column":0},"end":{"line":45,"column":34}},"45":{"start":{"line":46,"column":0},"end":{"line":46,"column":21}},"46":{"start":{"line":47,"column":0},"end":{"line":47,"column":14}},"47":{"start":{"line":48,"column":0},"end":{"line":48,"column":29}},"48":{"start":{"line":49,"column":0},"end":{"line":49,"column":8}},"49":{"start":{"line":50,"column":0},"end":{"line":50,"column":13}},"50":{"start":{"line":51,"column":0},"end":{"line":51,"column":30}},"51":{"start":{"line":52,"column":0},"end":{"line":52,"column":7}},"52":{"start":{"line":53,"column":0},"end":{"line":53,"column":7}},"53":{"start":{"line":54,"column":0},"end":{"line":54,"column":19}},"54":{"start":{"line":55,"column":0},"end":{"line":55,"column":26}},"55":{"start":{"line":56,"column":0},"end":{"line":56,"column":34}},"56":{"start":{"line":57,"column":0},"end":{"line":57,"column":16}},"57":{"start":{"line":58,"column":0},"end":{"line":58,"column":22}},"58":{"start":{"line":59,"column":0},"end":{"line":59,"column":39}},"59":{"start":{"line":60,"column":0},"end":{"line":60,"column":29}},"60":{"start":{"line":61,"column":0},"end":{"line":61,"column":8}},"61":{"start":{"line":62,"column":0},"end":{"line":62,"column":7}},"62":{"start":{"line":63,"column":0},"end":{"line":63,"column":3}},"63":{"start":{"line":64,"column":0},"end":{"line":64,"column":3}}},"s":{"0":0,"1":0,"3":0,"5":0,"6":0,"7":0,"8":0,"9":0,"10":0,"11":0,"12":0,"13":0,"14":0,"15":0,"16":0,"17":0,"18":0,"19":0,"20":0,"21":0,"22":0,"23":0,"24":0,"25":0,"26":0,"27":0,"28":0,"29":0,"30":0,"31":0,"32":0,"33":0,"34":0,"35":0,"36":0,"37":0,"38":0,"40":0,"41":0,"42":0,"43":0,"44":0,"45":0,"46":0,"47":0,"48":0,"49":0,"50":0,"51":0,"52":0,"53":0,"54":0,"55":0,"56":0,"57":0,"58":0,"59":0,"60":0,"61":0,"62":0,"63":0},"branchMap":{"0":{"type":"branch","line":1,"loc":{"start":{"line":1,"column":1474},"end":{"line":66,"column":36}},"locations":[{"start":{"line":1,"column":1474},"end":{"line":66,"column":36}}]}},"b":{"0":[0]},"fnMap":{"0":{"name":"(empty-report)","decl":{"start":{"line":1,"column":1474},"end":{"line":66,"column":36}},"loc":{"start":{"line":1,"column":1474},"end":{"line":66,"column":36}},"line":1}},"f":{"0":0}}
,"/home/runner/work/jsonapi-validator/jsonapi-validator/mock-server/routes/invalid.js": {"path":"/home/runner/work/jsonapi-validator/jsonapi-validator/mock-server/routes/invalid.js","all":true,"statementMap":{"0":{"start":{"line":1,"column":0},"end":{"line":1,"column":30}},"2":{"start":{"line":3,"column":0},"end":{"line":3,"column":32}},"4":{"start":{"line":5,"column":0},"end":{"line":5,"column":74}},"6":{"start":{"line":7,"column":0},"end":{"line":7,"column":52}},"7":{"start":{"line":8,"column":0},"end":{"line":8,"column":49}},"8":{"start":{"line":9,"column":0},"end":{"line":9,"column":12}},"9":{"start":{"line":10,"column":0},"end":{"line":10,"column":12}},"10":{"start":{"line":11,"column":0},"end":{"line":11,"column":14}},"11":{"start":{"line":12,"column":0},"end":{"line":12,"column":23}},"12":{"start":{"line":13,"column":0},"end":{"line":13,"column":43}},"13":{"start":{"line":14,"column":0},"end":{"line":14,"column":6}},"14":{"start":{"line":15,"column":0},"end":{"line":15,"column":5}},"15":{"start":{"line":16,"column":0},"end":{"line":16,"column":3}},"17":{"start":{"line":18,"column":0},"end":{"line":18,"column":39}},"18":{"start":{"line":19,"column":0},"end":{"line":19,"column":57}},"19":{"start":{"line":20,"column":0},"end":{"line":20,"column":46}},"20":{"start":{"line":21,"column":0},"end":{"line":21,"column":12}},"21":{"start":{"line":22,"column":0},"end":{"line":22,"column":32}},"22":{"start":{"line":23,"column":0},"end":{"line":23,"column":12}},"23":{"start":{"line":24,"column":0},"end":{"line":24,"column":14}},"24":{"start":{"line":25,"column":0},"end":{"line":25,"column":23}},"25":{"start":{"line":26,"column":0},"end":{"line":26,"column":43}},"26":{"start":{"line":27,"column":0},"end":{"line":27,"column":6}},"27":{"start":{"line":28,"column":0},"end":{"line":28,"column":5}},"28":{"start":{"line":29,"column":0},"end":{"line":29,"column":3}},"30":{"start":{"line":31,"column":0},"end":{"line":31,"column":46}},"31":{"start":{"line":32,"column":0},"end":{"line":32,"column":49}},"32":{"start":{"line":33,"column":0},"end":{"line":33,"column":12}},"33":{"start":{"line":34,"column":0},"end":{"line":34,"column":32}},"34":{"start":{"line":35,"column":0},"end":{"line":35,"column":12}},"35":{"start":{"line":36,"column":0},"end":{"line":36,"column":23}},"36":{"start":{"line":37,"column":0},"end":{"line":37,"column":43}},"37":{"start":{"line":38,"column":0},"end":{"line":38,"column":6}},"38":{"start":{"line":39,"column":0},"end":{"line":39,"column":5}},"39":{"start":{"line":40,"column":0},"end":{"line":40,"column":3}},"41":{"start":{"line":42,"column":0},"end":{"line":42,"column":48}},"42":{"start":{"line":43,"column":0},"end":{"line":43,"column":51}},"43":{"start":{"line":44,"column":0},"end":{"line":44,"column":12}},"44":{"start":{"line":45,"column":0},"end":{"line":45,"column":32}},"45":{"start":{"line":46,"column":0},"end":{"line":46,"column":12}},"46":{"start":{"line":47,"column":0},"end":{"line":47,"column":14}},"47":{"start":{"line":48,"column":0},"end":{"line":48,"column":43}},"48":{"start":{"line":49,"column":0},"end":{"line":49,"column":6}},"49":{"start":{"line":50,"column":0},"end":{"line":50,"column":5}},"50":{"start":{"line":51,"column":0},"end":{"line":51,"column":3}},"52":{"start":{"line":53,"column":0},"end":{"line":53,"column":54}},"53":{"start":{"line":54,"column":0},"end":{"line":54,"column":54}},"54":{"start":{"line":55,"column":0},"end":{"line":55,"column":12}},"55":{"start":{"line":56,"column":0},"end":{"line":56,"column":32}},"56":{"start":{"line":57,"column":0},"end":{"line":57,"column":12}},"57":{"start":{"line":58,"column":0},"end":{"line":58,"column":14}},"58":{"start":{"line":59,"column":0},"end":{"line":59,"column":23}},"59":{"start":{"line":60,"column":0},"end":{"line":60,"column":43}},"60":{"start":{"line":61,"column":0},"end":{"line":61,"column":7}},"61":{"start":{"line":62,"column":0},"end":{"line":62,"column":14}},"62":{"start":{"line":63,"column":0},"end":{"line":63,"column":20}},"63":{"start":{"line":64,"column":0},"end":{"line":64,"column":48}},"64":{"start":{"line":65,"column":0},"end":{"line":65,"column":6}},"65":{"start":{"line":66,"column":0},"end":{"line":66,"column":5}},"66":{"start":{"line":67,"column":0},"end":{"line":67,"column":3}},"68":{"start":{"line":69,"column":0},"end":{"line":69,"column":43}},"69":{"start":{"line":70,"column":0},"end":{"line":70,"column":61}},"70":{"start":{"line":71,"column":0},"end":{"line":71,"column":12}},"71":{"start":{"line":72,"column":0},"end":{"line":72,"column":32}},"72":{"start":{"line":73,"column":0},"end":{"line":73,"column":12}},"73":{"start":{"line":74,"column":0},"end":{"line":74,"column":14}},"74":{"start":{"line":75,"column":0},"end":{"line":75,"column":23}},"75":{"start":{"line":76,"column":0},"end":{"line":76,"column":44}},"76":{"start":{"line":77,"column":0},"end":{"line":77,"column":22}},"77":{"start":{"line":78,"column":0},"end":{"line":78,"column":17}},"78":{"start":{"line":79,"column":0},"end":{"line":79,"column":61}},"79":{"start":{"line":80,"column":0},"end":{"line":80,"column":34}},"80":{"start":{"line":81,"column":0},"end":{"line":81,"column":9}},"81":{"start":{"line":82,"column":0},"end":{"line":82,"column":7}},"82":{"start":{"line":83,"column":0},"end":{"line":83,"column":6}},"83":{"start":{"line":84,"column":0},"end":{"line":84,"column":5}},"84":{"start":{"line":85,"column":0},"end":{"line":85,"column":3}},"86":{"start":{"line":87,"column":0},"end":{"line":87,"column":51}},"87":{"start":{"line":88,"column":0},"end":{"line":88,"column":55}},"88":{"start":{"line":89,"column":0},"end":{"line":89,"column":24}},"89":{"start":{"line":90,"column":0},"end":{"line":90,"column":32}},"90":{"start":{"line":91,"column":0},"end":{"line":91,"column":13}},"91":{"start":{"line":92,"column":0},"en
[...]
55":1,"456":1,"457":1,"459":1,"460":1,"461":1,"462":1,"463":1,"464":0,"465":0,"466":0,"467":0,"468":0,"469":0,"470":0,"471":0,"473":1,"474":1,"475":1,"476":1,"477":1,"478":7,"479":7,"480":7,"481":7,"482":7,"483":7,"484":7,"485":7,"486":7,"487":7,"489":1,"490":1,"491":1,"492":1,"493":1,"494":0,"495":0,"496":0,"497":0,"498":0,"499":0,"500":0,"501":0,"502":0,"504":1,"505":1,"506":1,"507":1,"508":1,"509":28,"510":28,"511":0,"512":0,"513":28,"514":28,"515":28,"516":28,"517":28},"branchMap":{"0":{"type":"branch","line":13,"loc":{"start":{"line":13,"column":7},"end":{"line":65,"column":1}},"locations":[{"start":{"line":13,"column":7},"end":{"line":65,"column":1}}]},"1":{"type":"branch","line":21,"loc":{"start":{"line":21,"column":39},"end":{"line":28,"column":3}},"locations":[{"start":{"line":21,"column":39},"end":{"line":28,"column":3}}]},"2":{"type":"branch","line":33,"loc":{"start":{"line":33,"column":4},"end":{"line":40,"column":3}},"locations":[{"start":{"line":33,"column":4},"end":{"line":40,"column":3}}]},"3":{"type":"branch","line":40,"loc":{"start":{"line":40,"column":2},"end":{"line":57,"column":22}},"locations":[{"start":{"line":40,"column":2},"end":{"line":57,"column":22}}]},"4":{"type":"branch","line":57,"loc":{"start":{"line":57,"column":22},"end":{"line":62,"column":3}},"locations":[{"start":{"line":57,"column":22},"end":{"line":62,"column":3}}]},"5":{"type":"branch","line":62,"loc":{"start":{"line":62,"column":2},"end":{"line":65,"column":1}},"locations":[{"start":{"line":62,"column":2},"end":{"line":65,"column":1}}]},"6":{"type":"branch","line":72,"loc":{"start":{"line":72,"column":0},"end":{"line":125,"column":1}},"locations":[{"start":{"line":72,"column":0},"end":{"line":125,"column":1}}]},"7":{"type":"branch","line":80,"loc":{"start":{"line":80,"column":37},"end":{"line":86,"column":3}},"locations":[{"start":{"line":80,"column":37},"end":{"line":86,"column":3}}]},"8":{"type":"branch","line":91,"loc":{"start":{"line":91,"column":33},"end":{"line":97,"column":3}},"locations":[{"start":{"line":91,"column":33},"end":{"line":97,"column":3}}]},"9":{"type":"branch","line":103,"loc":{"start":{"line":103,"column":41},"end":{"line":106,"column":3}},"locations":[{"start":{"line":103,"column":41},"end":{"line":106,"column":3}}]},"10":{"type":"branch","line":109,"loc":{"start":{"line":109,"column":41},"end":{"line":112,"column":3}},"locations":[{"start":{"line":109,"column":41},"end":{"line":112,"column":3}}]},"11":{"type":"branch","line":115,"loc":{"start":{"line":115,"column":38},"end":{"line":118,"column":3}},"locations":[{"start":{"line":115,"column":38},"end":{"line":118,"column":3}}]},"12":{"type":"branch","line":89,"loc":{"start":{"line":89,"column":76},"end":{"line":89,"column":105}},"locations":[{"start":{"line":89,"column":76},"end":{"line":89,"column":105}}]},"13":{"type":"branch","line":132,"loc":{"start":{"line":132,"column":0},"end":{"line":168,"column":1}},"locations":[{"start":{"line":132,"column":0},"end":{"line":168,"column":1}}]},"14":{"type":"branch","line":145,"loc":{"start":{"line":145,"column":35},"end":{"line":148,"column":5}},"locations":[{"start":{"line":145,"column":35},"end":{"line":148,"column":5}}]},"15":{"type":"branch","line":148,"loc":{"start":{"line":148,"column":5},"end":{"line":164,"column":5}},"locations":[{"start":{"line":148,"column":5},"end":{"line":164,"column":5}}]},"16":{"type":"branch","line":152,"loc":{"start":{"line":152,"column":5},"end":{"line":164,"column":5}},"locations":[{"start":{"line":152,"column":5},"end":{"line":164,"column":5}}]},"17":{"type":"branch","line":175,"loc":{"start":{"line":175,"column":0},"end":{"line":209,"column":1}},"locations":[{"start":{"line":175,"column":0},"end":{"line":209,"column":1}}]},"18":{"type":"branch","line":186,"loc":{"start":{"line":186,"column":42},"end":{"line":192,"column":3}},"locations":[{"start":{"line":186,"column":42},"end":{"line":192,"column":3}}]},"19":{"type":"branch","line":201,"loc":{"start":{"line":201,"column":34},"end":{"line":201,"column":69}},"locations":[{"start":{"line":201,"column":34},"end":{"line":201,"column":69}}]},"20":{"type":"branch","line":201,"loc":{"start":{"line":201,"column":71},"end":{"line":206,"column":3}},"locations":[{"start":{"line":201,"column":71},"end":{"line":206,"column":3}}]},"21":{"type":"branch","line":216,"loc":{"start":{"line":216,"column":0},"end":{"line":252,"column":1}},"locations":[{"start":{"line":216,"column":0},"end":{"line":252,"column":1}}]},"22":{"type":"branch","line":228,"loc":{"start":{"line":228,"column":42},"end":{"line":234,"column":3}},"locations":[{"start":{"line":228,"column":42},"end":{"line":234,"column":3}}]},"23":{"type":"branch","line":237,"loc":{"start":{"line":237,"column":38},"end":{"line":243,"column":3}},"locations":[{"start":{"line":237,"column":38},"end":{"line":243,"column":3}}]},"24":{"type":"branch","line":336,"loc":{"start":{"line":336,"column":0},"end":{"line":379,"column":1}},"locations":[{"start":{"line":336,"column":0},"end":{"line":379,"column":1}}]},"25":{"type":"branch","line":345,"loc":{"start":{"line":345,"column":58},"end":{"line":351,"column":3}},"locations":[{"start":{"line":345,"column":58},"end":{"line":351,"column":3}}]},"26":{"type":"branch","line":365,"loc":{"start":{"line":365,"column":31},"end":{"line":370,"column":3}},"locations":[{"start":{"line":365,"column":31},"end":{"line":370,"column":3}}]},"27":{"type":"branch","line":345,"loc":{"start":{"line":345,"column":24},"end":{"line":345,"column":55}},"locations":[{"start":{"line":345,"column":24},"end":{"line":345,"column":55}}]},"28":{"type":"branch","line":354,"loc":{"start":{"line":354,"column":23},"end":{"line":362,"column":3}},"locations":[{"start":{"line":354,"column":23},"end":{"line":362,"column":3}}]},"29":{"type":"branch","line":355,"loc":{"start":{"line":355,"column":49},"end":{"line":361,"column":5}},"locations":[{"start":{"line":355,"column":49},"end":{"line":361,"column":5}}]},"30":{"type":"branch","line":386,"loc":{"start":{"line":386,"column":0},"end":{"line":429,"column":1}},"locations":[{"start":{"line":386,"column":0},"end":{"line":429,"column":1}}]},"31":{"type":"branch","line":396,"loc":{"start":{"line":396,"column":27},"end":{"line":403,"column":3}},"locations":[{"start":{"line":396,"column":27},"end":{"line":403,"column":3}}]},"32":{"type":"branch","line":403,"loc":{"start":{"line":403,"column":2},"end":{"line":429,"column":1}},"locations":[{"start":{"line":403,"column":2},"end":{"line":429,"column":1}}]},"33":{"type":"branch","line":409,"loc":{"start":{"line":409,"column":17},"end":{"line":420,"column":3}},"locations":[{"start":{"line":409,"column":17},"end":{"line":420,"column":3}}]},"34":{"type":"branch","line":410,"loc":{"start":{"line":410,"column":54},"end":{"line":411,"column":102}},"locations":[{"start":{"line":410,"column":54},"end":{"line":411,"column":102}}]},"35":{"type":"branch","line":413,"loc":{"start":{"line":413,"column":20},"end":{"line":413,"column":48}},"locations":[{"start":{"line":413,"column":20},"end":{"line":413,"column":48}}]},"36":{"type":"branch","line":413,"loc":{"start":{"line":413,"column":50},"end":{"line":419,"column":5}},"locations":[{"start":{"line":413,"column":50},"end":{"line":419,"column":5}}]},"37":{"type":"branch","line":411,"loc":{"start":{"line":411,"column":44},"end":{"line":411,"column":101}},"locations":[{"start":{"line":411,"column":44},"end":{"line":411,"column":101}}]},"38":{"type":"branch","line":411,"loc":{"start":{"line":411,"column":79},"end":{"line":411,"column":101}},"locations":[{"start":{"line":411,"column":79},"end":{"line":411,"column":101}}]},"39":{"type":"branch","line":436,"loc":{"start":{"line":436,"column":0},"end":{"line":443,"column":1}},"locations":[{"start":{"line":436,"column":0},"end":{"line":443,"column":1}}]},"40":{"type":"branch","line":437,"loc":{"start":{"line":437,"column":57},"end":{"line":439,"column":3}},"locations":[{"start":{"line":437,"column":57},"end":{"line":439,"column":3}}]},"41":{"type":"branch","line":450,"loc":{"start":{"line":450,"column":0},"end":{"line":458,"column":1}},"locations":[{"start":{"line":450,"column":0},"end":{"line":458,"column":1}}]},"42":{"type":"branch","line":451,"loc":{"start":{"line":451,"column":53},"end":{"line":453,"column":3}},"locations":[{"start":{"line":451,"column":53},"end":{"line":453,"column":3}}]},"43":{"type":"branch","line":479,"loc":{"start":{"line":479,"column":0},"end":{"line":488,"column":1}},"locations":[{"start":{"line":479,"column":0},"end":{"line":488,"column":1}}]},"44":{"type":"branch","line":480,"loc":{"start":{"line":480,"column":62},"end":{"line":480,"column":74}},"locations":[{"start":{"line":480,"column":62},"end":{"line":480,"column":74}}]},"45":{"type":"branch","line":510,"loc":{"start":{"line":510,"column":0},"end":{"line":518,"column":1}},"locations":[{"start":{"line":510,"column":0},"end":{"line":518,"column":1}}]},"46":{"type":"branch","line":511,"loc":{"start":{"line":511,"column":21},"end":{"line":513,"column":3}},"locations":[{"start":{"line":511,"column":21},"end":{"line":513,"column":3}}]}},"b":{"0":[8],"1":[0],"2":[1],"3":[7],"4":[0],"5":[7],"6":[7],"7":[0],"8":[0],"9":[6],"10":[1],"11":[0],"12":[8],"13":[7],"14":[6],"15":[1],"16":[0],"17":[6],"18":[0],"19":[0],"20":[0],"21":[1],"22":[0],"23":[0],"24":[7],"25":[0],"26":[0],"27":[8],"28":[8],"29":[0],"30":[7],"31":[5],"32":[2],"33":[3],"34":[2],"35":[0],"36":[0],"37":[3],"38":[2],"39":[7],"40":[0],"41":[1],"42":[0],"43":[7],"44":[0],"45":[28],"46":[0]},"fnMap":{"0":{"name":"validateUrlStructure","decl":{"start":{"line":13,"column":7},"end":{"line":65,"column":1}},"loc":{"start":{"line":13,"column":7},"end":{"line":65,"column":1}},"line":13},"1":{"name":"validateUrlPath","decl":{"start":{"line":72,"column":0},"end":{"line":125,"column":1}},"loc":{"start":{"line":72,"column":0},"end":{"line":125,"column":1}},"line":72},"2":{"name":"analyzePathStructure","decl":{"start":{"line":132,"column":0},"end":{"line":168,"column":1}},"loc":{"start":{"line":132,"column":0},"end":{"line":168,"column":1}},"line":132},"3":{"name":"validateResourceCollectionUrl","decl":{"start":{"line":175,"column":0},"end":{"line":209,"column":1}},"loc":{"start":{"line":175,"column":0},"end":{"line":209,"column":1}},"line":175},"4":{"name":"validateIndividualResourceUrl","decl":{"start":{"line":216,"column":0},"end":{"line":252,"column":1}},"loc":{"start":{"line":216,"column":0},"end":{"line":252,"column":1}},"line":216},"5":{"name":"validateRelationshipUrl","decl":{"start":{"line":259,"column":0},"end":{"line":329,"column":1}},"loc":{"start":{"line":259,"column":0},"end":{"line":329,"column":1}},"line":259},"6":{"name":"validateGeneralPathStructure","decl":{"start":{"line":336,"column":0},"end":{"line":379,"column":1}},"loc":{"start":{"line":336,"column":0},"end":{"line":379,"column":1}},"line":336},"7":{"name":"validateUrlQuery","decl":{"start":{"line":386,"column":0},"end":{"line":429,"column":1}},"loc":{"start":{"line":386,"column":0},"end":{"line":429,"column":1}},"line":386},"8":{"name":"isValidResourceType","decl":{"start":{"line":436,"column":0},"end":{"line":443,"column":1}},"loc":{"start":{"line":436,"column":0},"end":{"line":443,"column":1}},"line":436},"9":{"name":"isValidResourceId","decl":{"start":{"line":450,"column":0},"end":{"line":458,"column":1}},"loc":{"start":{"line":450,"column":0},"end":{"line":458,"column":1}},"line":450},"10":{"name":"isValidRelationshipName","decl":{"start":{"line":465,"column":0},"end":{"line":472,"column":1}},"loc":{"start":{"line":465,"column":0},"end":{"line":472,"column":1}},"line":465},"11":{"name":"isValidMemberName","decl":{"start":{"line":479,"column":0},"end":{"line":488,"column":1}},"loc":{"start":{"line":479,"column":0},"end":{"line":488,"column":1}},"line":479},"12":{"name":"isKnownPluralForm","decl":{"start":{"line":495,"column":0},"end":{"line":503,"column":1}},"loc":{"start":{"line":495,"column":0},"end":{"line":503,"column":1}},"line":495},"13":{"name":"mergeResults","decl":{"start":{"line":510,"column":0},"end":{"line":518,"column":1}},"loc":{"start":{"line":510,"column":0},"end":{"line":518,"column":1}},"line":510}},"f":{"0":8,"1":7,"2":7,"3":6,"4":1,"5":0,"6":7,"7":7,"8":7,"9":1,"10":0,"11":7,"12":0,"13":28}}
,"/home/runner/work/jsonapi-validator/jsonapi-validator/tests/e2e/global-setup.js": {"path":"/home/runner/work/jsonapi-validator/jsonapi-validator/tests/e2e/global-setup.js","all":true,"statementMap":{"0":{"start":{"line":1,"column":0},"end":{"line":1,"column":44}},"2":{"start":{"line":3,"column":0},"end":{"line":3,"column":30}},"3":{"start":{"line":4,"column":0},"end":{"line":4,"column":47}},"4":{"start":{"line":5,"column":0},"end":{"line":5,"column":2}},"5":{"start":{"line":6,"column":0},"end":{"line":6,"column":50}},"6":{"start":{"line":7,"column":0},"end":{"line":7,"column":42}},"7":{"start":{"line":8,"column":0},"end":{"line":8,"column":39}},"8":{"start":{"line":9,"column":0},"end":{"line":9,"column":2}},"9":{"start":{"line":10,"column":0},"end":{"line":10,"column":7}},"10":{"start":{"line":11,"column":0},"end":{"line":11,"column":39}},"11":{"start":{"line":12,"column":0},"end":{"line":12,"column":48}},"12":{"start":{"line":13,"column":0},"end":{"line":13,"column":83}},"13":{"start":{"line":14,"column":0},"end":{"line":14,"column":42}},"14":{"start":{"line":15,"column":0},"end":{"line":15,"column":4}},"15":{"start":{"line":16,"column":0},"end":{"line":16,"column":38}},"16":{"start":{"line":17,"column":0},"end":{"line":17,"column":47}},"17":{"start":{"line":18,"column":0},"end":{"line":18,"column":65}},"18":{"start":{"line":19,"column":0},"end":{"line":19,"column":41}},"19":{"start":{"line":20,"column":0},"end":{"line":20,"column":4}},"20":{"start":{"line":21,"column":0},"end":{"line":21,"column":27}},"21":{"start":{"line":22,"column":0},"end":{"line":22,"column":57}},"22":{"start":{"line":23,"column":0},"end":{"line":23,"column":53}},"23":{"start":{"line":24,"column":0},"end":{"line":24,"column":4}},"24":{"start":{"line":25,"column":0},"end":{"line":25,"column":19}},"25":{"start":{"line":26,"column":0},"end":{"line":26,"column":52}},"26":{"start":{"line":27,"column":0},"end":{"line":27,"column":16}},"27":{"start":{"line":28,"column":0},"end":{"line":28,"column":13}},"28":{"start":{"line":29,"column":0},"end":{"line":29,"column":26}},"29":{"start":{"line":30,"column":0},"end":{"line":30,"column":3}},"30":{"start":{"line":31,"column":0},"end":{"line":31,"column":2}},"31":{"start":{"line":32,"column":0},"end":{"line":32,"column":45}},"32":{"start":{"line":33,"column":0},"end":{"line":33,"column":1}},"34":{"start":{"line":35,"column":0},"end":{"line":35,"column":27}}},"s":{"0":0,"2":0,"3":0,"4":0,"5":0,"6":0,"7":0,"8":0,"9":0,"10":0,"11":0,"12":0,"13":0,"14":0,"15":0,"16":0,"17":0,"18":0,"19":0,"20":0,"21":0,"22":0,"23":0,"24":0,"25":0,"26":0,"27":0,"28":0,"29":0,"30":0,"31":0,"32":0,"34":0},"branchMap":{"0":{"type":"branch","line":1,"loc":{"start":{"line":1,"column":1053},"end":{"line":35,"column":27}},"locations":[{"start":{"line":1,"column":1053},"end":{"line":35,"column":27}}]}},"b":{"0":[0]},"fnMap":{"0":{"name":"(empty-report)","decl":{"start":{"line":1,"column":1053},"end":{"line":35,"column":27}},"loc":{"start":{"line":1,"column":1053},"end":{"line":35,"column":27}},"line":1}},"f":{"0":0}}
,"/home/runner/work/jsonapi-validator/jsonapi-validator/tests/e2e/global-teardown.js": {"path":"/home/runner/work/jsonapi-validator/jsonapi-validator/tests/e2e/global-teardown.js","all":true,"statementMap":{"0":{"start":{"line":1,"column":0},"end":{"line":1,"column":33}},"1":{"start":{"line":2,"column":0},"end":{"line":2,"column":47}},"2":{"start":{"line":3,"column":0},"end":{"line":3,"column":1}},"4":{"start":{"line":5,"column":0},"end":{"line":5,"column":30}}},"s":{"0":0,"1":0,"2":0,"4":0},"branchMap":{"0":{"type":"branch","line":1,"loc":{"start":{"line":1,"column":115},"end":{"line":5,"column":30}},"locations":[{"start":{"line":1,"column":115},"end":{"line":5,"column":30}}]}},"b":{"0":[0]},"fnMap":{"0":{"name":"(empty-report)","decl":{"start":{"line":1,"column":115},"end":{"line":5,"column":30}},"loc":{"start":{"line":1,"column":115},"end":{"line":5,"column":30}},"line":1}},"f":{"0":0}}
,"/home/runner/work/jsonapi-validator/jsonapi-validator/tests/integration/setup.js": {"path":"/home/runner/work/jsonapi-validator/jsonapi-validator/tests/integration/setup.js","all":true,"statementMap":{"0":{"start":{"line":1,"column":0},"end":{"line":1,"column":25}},"1":{"start":{"line":2,"column":0},"end":{"line":2,"column":44}},"2":{"start":{"line":3,"column":0},"end":{"line":3,"column":37}},"3":{"start":{"line":4,"column":0},"end":{"line":4,"column":30}},"5":{"start":{"line":6,"column":0},"end":{"line":6,"column":28}},"7":{"start":{"line":8,"column":0},"end":{"line":8,"column":23}},"8":{"start":{"line":9,"column":0},"end":{"line":9,"column":44}},"9":{"start":{"line":10,"column":0},"end":{"line":10,"column":62}},"10":{"start":{"line":11,"column":0},"end":{"line":11,"column":64}},"11":{"start":{"line":12,"column":0},"end":{"line":12,"column":46}},"12":{"start":{"line":13,"column":0},"end":{"line":13,"column":17}},"13":{"start":{"line":14,"column":0},"end":{"line":14,"column":4}},"15":{"start":{"line":16,"column":0},"end":{"line":16,"column":32}},"16":{"start":{"line":17,"column":0},"end":{"line":17,"column":25}},"17":{"start":{"line":18,"column":0},"end":{"line":18,"column":24}},"18":{"start":{"line":19,"column":0},"end":{"line":19,"column":2}},"19":{"start":{"line":20,"column":0},"end":{"line":20,"column":41}},"20":{"start":{"line":21,"column":0},"end":{"line":21,"column":9}},"21":{"start":{"line":22,"column":0},"end":{"line":22,"column":66}},"22":{"start":{"line":23,"column":0},"end":{"line":23,"column":24}},"23":{"start":{"line":24,"column":0},"end":{"line":24,"column":26}},"24":{"start":{"line":25,"column":0},"end":{"line":25,"column":13}},"25":{"start":{"line":26,"column":0},"end":{"line":26,"column":7}},"26":{"start":{"line":27,"column":0},"end":{"line":27,"column":17}},"27":{"start":{"line":28,"column":0},"end":{"line":28,"column":29}},"28":{"start":{"line":29,"column":0},"end":{"line":29,"column":5}},"29":{"start":{"line":30,"column":0},"end":{"line":30,"column":59}},"30":{"start":{"line":31,"column":0},"end":{"line":31,"column":3}},"32":{"start":{"line":33,"column":0},"end":{"line":33,"column":21}},"33":{"start":{"line":34,"column":0},"end":{"line":34,"column":72}},"34":{"start":{"line":35,"column":0},"end":{"line":35,"column":3}},"35":{"start":{"line":36,"column":0},"end":{"line":36,"column":2}},"36":{"start":{"line":37,"column":0},"end":{"line":37,"column":59}},"37":{"start":{"line":38,"column":0},"end":{"line":38,"column":2}},"39":{"start":{"line":40,"column":0},"end":{"line":40,"column":22}},"40":{"start":{"line":41,"column":0},"end":{"line":41,"column":26}},"41":{"start":{"line":42,"column":0},"end":{"line":42,"column":42}},"42":{"start":{"line":43,"column":0},"end":{"line":43,"column":28}},"43":{"start":{"line":44,"column":0},"end":{"line":44,"column":28}},"44":{"start":{"line":45,"column":0},"end":{"line":45,"column":3}},"45":{"start":{"line":46,"column":0},"end":{"line":46,"column":2}},"47":{"start":{"line":48,"column":0},"end":{"line":48,"column":42}},"48":{"start":{"line":49,"column":0},"end":{"line":49,"column":20}}},"s":{"0":0,"1":0,"2":0,"3":0,"5":0,"7":0,"8":0,"9":0,"10":0,"11":0,"12":0,"13":0,"15":0,"16":0,"17":0,"18":0,"19":0,"20":0,"21":0,"22":0,"23":0,"24":0,"25":0,"26":0,"27":0,"28":0,"29":0,"30":0,"32":0,"33":0,"34":0,"35":0,"36":0,"37":0,"39":0,"40":0,"41":0,"42":0,"43":0,"44":0,"45":0,"47":0,"48":0},"branchMap":{"0":{"type":"branch","line":1,"loc":{"start":{"line":1,"column":26},"end":{"line":49,"column":-274}},"locations":[{"start":{"line":1,"column":26},"end":{"line":49,"column":-274}}]}},"b":{"0":[0]},"fnMap":{"0":{"name":"(empty-report)","decl":{"start":{"line":1,"column":26},"end":{"line":49,"column":-274}},"loc":{"start":{"line":1,"column":26},"end":{"line":49,"column":-274}},"line":1}},"f":{"0":0}}
}
